2025-03-05 12:25:08,853 - INFO - Démarrage du script SqltoSheet
2025-03-05 12:25:08,854 - ERROR - Fichier key.json introuvable
2025-03-05 12:25:08,854 - INFO - Le script a démarré.
2025-03-05 12:25:08,860 - INFO - Adding job tentatively -- it will be properly scheduled when the scheduler starts
2025-03-05 12:25:08,861 - INFO - Added job "main" to job store "default"
2025-03-05 12:25:08,861 - INFO - Scheduler started
2025-03-05 12:25:08,862 - INFO - Le script tourne toujours...
2025-03-05 12:30:08,863 - INFO - Le script tourne toujours...
2025-03-05 12:35:08,863 - INFO - Le script tourne toujours...
2025-03-05 12:40:08,865 - INFO - Le script tourne toujours...
2025-03-05 12:45:08,866 - INFO - Le script tourne toujours...
2025-03-05 12:50:08,867 - INFO - Le script tourne toujours...
2025-03-05 12:55:08,868 - INFO - Le script tourne toujours...
2025-03-05 13:00:08,868 - INFO - Le script tourne toujours...
2025-03-05 13:05:08,869 - INFO - Le script tourne toujours...
2025-03-05 13:10:08,870 - INFO - Le script tourne toujours...
2025-03-05 13:15:08,871 - INFO - Le script tourne toujours...
2025-03-05 13:20:08,872 - INFO - Le script tourne toujours...
2025-03-05 13:23:08,915 - INFO - Running job "main (trigger: interval[0:58:00], next run at: 2025-03-05 13:23:08 CET)" (scheduled at 2025-03-05 13:23:08.859874+01:00)
2025-03-05 13:23:26,042 - INFO - Job "main (trigger: interval[0:58:00], next run at: 2025-03-05 14:21:08 CET)" executed successfully
2025-03-05 13:25:08,873 - INFO - Le script tourne toujours...
2025-03-05 13:30:08,873 - INFO - Le script tourne toujours...
2025-03-05 13:35:08,874 - INFO - Le script tourne toujours...
2025-03-05 13:40:08,875 - INFO - Le script tourne toujours...
2025-03-05 13:40:12,966 - INFO - Code Démarré
2025-03-05 13:40:12,966 - INFO - Fichier key.json trouvé
2025-03-05 13:40:12,971 - INFO - Adding job tentatively -- it will be properly scheduled when the scheduler starts
2025-03-05 13:40:12,972 - INFO - Added job "main" to job store "default"
2025-03-05 13:40:12,972 - INFO - Scheduler started
2025-03-05 13:40:12,973 - INFO - 
--------------------------
2025-03-05 13:40:12,973 - INFO - \U0001f4cc Début traitement de la table : table_tps_perdu
2025-03-05 13:40:13,177 - INFO - Données récupérées pour table_tps_perdu: 98000 lignes
2025-03-05 13:40:13,200 - INFO - \U0001f4ca Après nettoyage : 98000 lignes restantes
2025-03-05 13:40:16,291 - INFO - \u2705 Connexion à Google Sheet Temps Perdu - Temps Perdu réussie.
2025-03-05 13:40:16,553 - INFO - \U0001f4e4 Début de la mise à jour de la feuille Temps Perdu
2025-03-05 13:40:17,760 - INFO - \u2705 Feuille Temps Perdu mise à jour avec succès !
2025-03-05 13:40:17,760 - INFO - 
--------------------------
2025-03-05 13:40:17,760 - INFO - \U0001f4cc Début traitement de la table : table_vide
2025-03-05 13:40:17,974 - INFO - Données récupérées pour table_vide: 98000 lignes
2025-03-05 13:40:17,997 - INFO - \U0001f4ca Après nettoyage : 98000 lignes restantes
2025-03-05 13:40:19,894 - INFO - \u2705 Connexion à Google Sheet Vide - Vide réussie.
2025-03-05 13:40:24,472 - ERROR - \U0001f6a8 Erreur dans le traitement de table_vide: APIError: [400]: Invalid requests[0].deleteDimension: endIndex[1] cannot be before startIndex[43241]
2025-03-05 13:40:30,437 - INFO - Le script tourne toujours...
2025-03-05 13:45:08,876 - INFO - Le script tourne toujours...
2025-03-05 13:46:53,158 - INFO - Code Démarré
2025-03-05 13:46:53,158 - INFO - Fichier key.json trouvé
2025-03-05 13:46:53,162 - INFO - Adding job tentatively -- it will be properly scheduled when the scheduler starts
2025-03-05 13:46:53,163 - INFO - Added job "main" to job store "default"
2025-03-05 13:46:53,163 - INFO - Scheduler started
2025-03-05 13:46:53,164 - INFO - 
--------------------------
2025-03-05 13:46:53,164 - INFO - \U0001f4cc Début traitement de la table : table_tps_perdu
2025-03-05 13:46:53,726 - INFO - Données récupérées pour table_tps_perdu: 98040 lignes
2025-03-05 13:46:53,785 - INFO - \U0001f4ca Après nettoyage : 98040 lignes restantes
2025-03-05 13:46:56,005 - INFO - \u2705 Connexion à Google Sheet Temps Perdu - Temps Perdu réussie.
2025-03-05 13:46:56,243 - INFO - \U0001f4e4 Début de la mise à jour de la feuille Temps Perdu
2025-03-05 13:46:57,970 - INFO - \u2705 Feuille Temps Perdu mise à jour avec succès !
2025-03-05 13:46:57,970 - INFO - 
--------------------------
2025-03-05 13:46:57,970 - INFO - \U0001f4cc Début traitement de la table : table_vide
2025-03-05 13:46:58,515 - INFO - Données récupérées pour table_vide: 98040 lignes
2025-03-05 13:46:58,568 - INFO - \U0001f4ca Après nettoyage : 98040 lignes restantes
2025-03-05 13:47:02,518 - INFO - \u2705 Connexion à Google Sheet Vide - Vide réussie.
2025-03-05 13:47:07,924 - INFO - \U0001f4e4 Début de la mise à jour de la feuille Vide
2025-03-05 13:47:10,541 - INFO - \u2705 Feuille Vide mise à jour avec succès !
2025-03-05 13:47:10,541 - INFO - 
--------------------------
2025-03-05 13:47:10,542 - INFO - \U0001f4cc Début traitement de la table : table_sync
2025-03-05 13:47:11,268 - INFO - Données récupérées pour table_sync: 139440 lignes
2025-03-05 13:47:11,350 - INFO - \U0001f4ca Après nettoyage : 139440 lignes restantes
2025-03-05 13:47:16,214 - INFO - \u2705 Connexion à Google Sheet Synchronisation - Synchronisation réussie.
2025-03-05 13:47:21,887 - INFO - \U0001f4e4 Début de la mise à jour de la feuille Synchronisation
2025-03-05 13:47:24,732 - INFO - \u2705 Feuille Synchronisation mise à jour avec succès !
2025-03-05 13:47:24,733 - INFO - 
--------------------------
2025-03-05 13:47:24,733 - INFO - \U0001f4cc Début traitement de la table : table_vitesse
2025-03-05 13:47:25,828 - INFO - Données récupérées pour table_vitesse: 210080 lignes
2025-03-05 13:47:25,939 - INFO - \U0001f4ca Après nettoyage : 210080 lignes restantes
2025-03-05 13:47:28,551 - INFO - \u2705 Connexion à Google Sheet Vitesse - Vitesse réussie.
2025-03-05 13:47:40,551 - INFO - \U0001f4e4 Début de la mise à jour de la feuille Vitesse
2025-03-05 13:47:43,389 - INFO - \u2705 Feuille Vitesse mise à jour avec succès !
2025-03-05 13:47:43,389 - INFO - 
--------------------------
2025-03-05 13:47:43,389 - INFO - \U0001f4cc Début traitement de la table : table_qte_shift
2025-03-05 13:47:44,164 - INFO - Données récupérées pour table_qte_shift: 139760 lignes
2025-03-05 13:47:44,251 - INFO - \U0001f4ca Après nettoyage : 139760 lignes restantes
2025-03-05 13:47:48,839 - INFO - \u2705 Connexion à Google Sheet Quantité Shift - Qte Shift réussie.
2025-03-05 13:47:53,938 - INFO - \U0001f4e4 Début de la mise à jour de la feuille Qte Shift
2025-03-05 13:47:56,586 - INFO - \u2705 Feuille Qte Shift mise à jour avec succès !
2025-03-05 13:47:56,587 - INFO - 
--------------------------
2025-03-05 13:47:56,587 - INFO - \U0001f4cc Début traitement de la table : table_qte_jour
2025-03-05 13:47:57,113 - INFO - Données récupérées pour table_qte_jour: 98040 lignes
2025-03-05 13:47:57,166 - INFO - \U0001f4ca Après nettoyage : 98040 lignes restantes
2025-03-05 13:48:01,443 - INFO - \u2705 Connexion à Google Sheet Quantité Jour - Qte Jour réussie.
2025-03-05 13:48:06,019 - INFO - \U0001f4e4 Début de la mise à jour de la feuille Qte Jour
2025-03-05 13:48:08,723 - INFO - \u2705 Feuille Qte Jour mise à jour avec succès !
2025-03-05 13:48:08,733 - INFO - Le script tourne toujours...
2025-03-05 13:50:08,877 - INFO - Le script tourne toujours...
2025-03-05 13:52:55,505 - INFO - Scheduler has been shut down
2025-03-05 13:53:01,968 - INFO - Code Démarré
2025-03-05 13:53:01,968 - INFO - Fichier key.json trouvé
2025-03-05 13:53:01,973 - INFO - Adding job tentatively -- it will be properly scheduled when the scheduler starts
2025-03-05 13:53:01,974 - INFO - Added job "main" to job store "default"
2025-03-05 13:53:01,974 - INFO - Scheduler started
2025-03-05 13:53:01,976 - INFO - 
--------------------------
2025-03-05 13:53:01,976 - INFO - \U0001f4cc Début traitement de la table : table_tps_perdu
2025-03-05 13:53:02,562 - INFO - Données récupérées pour table_tps_perdu: 98040 lignes
2025-03-05 13:53:02,621 - INFO - \U0001f4ca Après nettoyage : 98040 lignes restantes
2025-03-05 13:53:04,710 - INFO - \u2705 Connexion à Google Sheet Temps Perdu - Temps Perdu réussie.
2025-03-05 13:53:05,408 - INFO - \U0001f4e4 Début de la mise à jour de la feuille Temps Perdu
2025-03-05 13:53:05,839 - INFO - \u2705 Feuille Temps Perdu mise à jour avec succès !
2025-03-05 13:53:05,839 - INFO - 
--------------------------
2025-03-05 13:53:05,839 - INFO - \U0001f4cc Début traitement de la table : table_vide
2025-03-05 13:53:06,375 - INFO - Données récupérées pour table_vide: 98040 lignes
2025-03-05 13:53:06,431 - INFO - \U0001f4ca Après nettoyage : 98040 lignes restantes
2025-03-05 13:53:08,698 - INFO - \u2705 Connexion à Google Sheet Vide - Vide réussie.
2025-03-05 13:53:13,503 - INFO - \U0001f4e4 Début de la mise à jour de la feuille Vide
2025-03-05 13:53:14,883 - INFO - \u2705 Feuille Vide mise à jour avec succès !
2025-03-05 13:53:14,883 - INFO - 
--------------------------
2025-03-05 13:53:14,883 - INFO - \U0001f4cc Début traitement de la table : table_sync
2025-03-05 13:53:15,639 - INFO - Données récupérées pour table_sync: 139440 lignes
2025-03-05 13:53:15,716 - INFO - \U0001f4ca Après nettoyage : 139440 lignes restantes
2025-03-05 13:53:20,331 - INFO - \u2705 Connexion à Google Sheet Synchronisation - Synchronisation réussie.
2025-03-05 13:53:25,279 - INFO - \U0001f4e4 Début de la mise à jour de la feuille Synchronisation
2025-03-05 13:53:27,025 - INFO - \u2705 Feuille Synchronisation mise à jour avec succès !
2025-03-05 13:53:27,026 - INFO - 
--------------------------
2025-03-05 13:53:27,026 - INFO - \U0001f4cc Début traitement de la table : table_vitesse
2025-03-05 13:53:28,154 - INFO - Données récupérées pour table_vitesse: 210080 lignes
2025-03-05 13:53:28,270 - INFO - \U0001f4ca Après nettoyage : 210080 lignes restantes
2025-03-05 13:53:31,006 - INFO - \u2705 Connexion à Google Sheet Vitesse - Vitesse réussie.
2025-03-05 13:53:36,137 - INFO - \U0001f4e4 Début de la mise à jour de la feuille Vitesse
2025-03-05 13:53:37,875 - INFO - \u2705 Feuille Vitesse mise à jour avec succès !
2025-03-05 13:53:37,875 - INFO - 
--------------------------
2025-03-05 13:53:37,875 - INFO - \U0001f4cc Début traitement de la table : table_qte_shift
2025-03-05 13:53:38,647 - INFO - Données récupérées pour table_qte_shift: 139760 lignes
2025-03-05 13:53:38,732 - INFO - \U0001f4ca Après nettoyage : 139760 lignes restantes
2025-03-05 13:53:43,060 - INFO - \u2705 Connexion à Google Sheet Quantité Shift - Qte Shift réussie.
2025-03-05 13:53:48,052 - INFO - \U0001f4e4 Début de la mise à jour de la feuille Qte Shift
2025-03-05 13:53:49,772 - INFO - \u2705 Feuille Qte Shift mise à jour avec succès !
2025-03-05 13:53:49,773 - INFO - 
--------------------------
2025-03-05 13:53:49,773 - INFO - \U0001f4cc Début traitement de la table : table_qte_jour
2025-03-05 13:53:50,327 - INFO - Données récupérées pour table_qte_jour: 98040 lignes
2025-03-05 13:53:50,384 - INFO - \U0001f4ca Après nettoyage : 98040 lignes restantes
2025-03-05 13:53:54,470 - INFO - \u2705 Connexion à Google Sheet Quantité Jour - Qte Jour réussie.
2025-03-05 13:53:58,747 - INFO - \U0001f4e4 Début de la mise à jour de la feuille Qte Jour
2025-03-05 13:54:00,345 - INFO - \u2705 Feuille Qte Jour mise à jour avec succès !
2025-03-05 13:54:00,357 - INFO - Le script tourne toujours...
2025-03-05 13:55:08,878 - INFO - Le script tourne toujours...
2025-03-05 13:56:19,833 - INFO - Scheduler has been shut down
2025-03-05 13:56:23,975 - INFO - Code Démarré
2025-03-05 13:56:23,975 - INFO - Fichier key.json trouvé
2025-03-05 13:56:23,981 - INFO - Adding job tentatively -- it will be properly scheduled when the scheduler starts
2025-03-05 13:56:23,982 - INFO - Added job "main" to job store "default"
2025-03-05 13:56:23,982 - INFO - Scheduler started
2025-03-05 13:56:23,984 - INFO - 
--------------------------
2025-03-05 13:56:23,984 - INFO - \U0001f4cc Début traitement de la table : table_tps_perdu
2025-03-05 13:56:24,572 - INFO - Données récupérées pour table_tps_perdu: 98040 lignes
2025-03-05 13:56:24,633 - INFO - \U0001f4ca Après nettoyage : 98040 lignes restantes
2025-03-05 13:56:26,581 - INFO - \u2705 Connexion à Google Sheet Temps Perdu - Temps Perdu réussie.
2025-03-05 13:56:26,821 - INFO - \U0001f4e4 Début de la mise à jour de la feuille Temps Perdu
2025-03-05 13:56:27,114 - INFO - \u26a0\ufe0f Dernière date réelle trouvée dans la feuille Temps Perdu: 1970-01-01 00:00:00
2025-03-05 13:56:27,150 - INFO - \u2705 Feuille Temps Perdu mise à jour avec succès !
2025-03-05 13:56:27,151 - INFO - 
--------------------------
2025-03-05 13:56:27,151 - INFO - \U0001f4cc Début traitement de la table : table_vide
2025-03-05 13:56:27,761 - INFO - Données récupérées pour table_vide: 98040 lignes
2025-03-05 13:56:27,825 - INFO - \U0001f4ca Après nettoyage : 98040 lignes restantes
2025-03-05 13:56:29,576 - INFO - \u2705 Connexion à Google Sheet Vide - Vide réussie.
2025-03-05 13:56:34,152 - INFO - \U0001f4e4 Début de la mise à jour de la feuille Vide
2025-03-05 13:56:35,477 - INFO - \u26a0\ufe0f Dernière date réelle trouvée dans la feuille Vide: 2025-03-05 11:00:00
2025-03-05 13:56:35,513 - INFO - \u2705 Feuille Vide mise à jour avec succès !
2025-03-05 13:56:35,513 - INFO - 
--------------------------
2025-03-05 13:56:35,513 - INFO - \U0001f4cc Début traitement de la table : table_sync
2025-03-05 13:56:36,255 - INFO - Données récupérées pour table_sync: 139440 lignes
2025-03-05 13:56:36,333 - INFO - \U0001f4ca Après nettoyage : 139440 lignes restantes
2025-03-05 13:56:38,915 - INFO - \u2705 Connexion à Google Sheet Synchronisation - Synchronisation réussie.
2025-03-05 13:56:43,991 - INFO - \U0001f4e4 Début de la mise à jour de la feuille Synchronisation
2025-03-05 13:56:45,307 - INFO - \u26a0\ufe0f Dernière date réelle trouvée dans la feuille Synchronisation: 2025-03-05 11:00:00
2025-03-05 13:56:45,354 - INFO - \u2705 Feuille Synchronisation mise à jour avec succès !
2025-03-05 13:56:45,354 - INFO - 
--------------------------
2025-03-05 13:56:45,354 - INFO - \U0001f4cc Début traitement de la table : table_vitesse
2025-03-05 13:56:46,473 - INFO - Données récupérées pour table_vitesse: 210080 lignes
2025-03-05 13:56:46,593 - INFO - \U0001f4ca Après nettoyage : 210080 lignes restantes
2025-03-05 13:56:49,225 - INFO - \u2705 Connexion à Google Sheet Vitesse - Vitesse réussie.
2025-03-05 13:56:54,314 - INFO - \U0001f4e4 Début de la mise à jour de la feuille Vitesse
2025-03-05 13:56:55,988 - INFO - \u26a0\ufe0f Dernière date réelle trouvée dans la feuille Vitesse: 2025-03-05 11:00:00
2025-03-05 13:56:56,057 - INFO - \u2705 Feuille Vitesse mise à jour avec succès !
2025-03-05 13:56:56,057 - INFO - 
--------------------------
2025-03-05 13:56:56,057 - INFO - \U0001f4cc Début traitement de la table : table_qte_shift
2025-03-05 13:56:57,301 - INFO - Données récupérées pour table_qte_shift: 139760 lignes
2025-03-05 13:56:57,379 - INFO - \U0001f4ca Après nettoyage : 139760 lignes restantes
2025-03-05 13:56:59,910 - INFO - \u2705 Connexion à Google Sheet Quantité Shift - Qte Shift réussie.
2025-03-05 13:57:04,431 - INFO - \U0001f4e4 Début de la mise à jour de la feuille Qte Shift
2025-03-05 13:57:06,072 - INFO - \u26a0\ufe0f Dernière date réelle trouvée dans la feuille Qte Shift: 2025-03-05 11:00:00
2025-03-05 13:57:06,149 - INFO - \u2705 Feuille Qte Shift mise à jour avec succès !
2025-03-05 13:57:06,149 - INFO - 
--------------------------
2025-03-05 13:57:06,150 - INFO - \U0001f4cc Début traitement de la table : table_qte_jour
2025-03-05 13:57:06,725 - INFO - Données récupérées pour table_qte_jour: 98040 lignes
2025-03-05 13:57:06,779 - INFO - \U0001f4ca Après nettoyage : 98040 lignes restantes
2025-03-05 13:57:09,315 - INFO - \u2705 Connexion à Google Sheet Quantité Jour - Qte Jour réussie.
2025-03-05 13:57:13,900 - INFO - \U0001f4e4 Début de la mise à jour de la feuille Qte Jour
2025-03-05 13:57:15,398 - INFO - \u26a0\ufe0f Dernière date réelle trouvée dans la feuille Qte Jour: 2025-03-05 11:00:00
2025-03-05 13:57:15,432 - INFO - \u2705 Feuille Qte Jour mise à jour avec succès !
2025-03-05 13:57:15,443 - INFO - Le script tourne toujours...
2025-03-05 13:59:54,870 - INFO - Scheduler has been shut down
2025-03-05 13:59:59,127 - INFO - Code Démarré
2025-03-05 13:59:59,127 - INFO - Fichier key.json trouvé
2025-03-05 13:59:59,131 - INFO - Adding job tentatively -- it will be properly scheduled when the scheduler starts
2025-03-05 13:59:59,132 - INFO - Added job "main" to job store "default"
2025-03-05 13:59:59,132 - INFO - Scheduler started
2025-03-05 13:59:59,135 - INFO - 
--------------------------
2025-03-05 13:59:59,135 - INFO - \U0001f4cc Début traitement de la table : table_tps_perdu
2025-03-05 13:59:59,682 - INFO - Données récupérées pour table_tps_perdu: 98040 lignes
2025-03-05 13:59:59,734 - INFO - \U0001f4ca Après nettoyage : 98040 lignes restantes
2025-03-05 14:00:01,845 - INFO - \u2705 Connexion à Google Sheet Temps Perdu - Temps Perdu réussie.
2025-03-05 14:00:02,111 - INFO - \U0001f4e4 Début de la mise à jour de la feuille Temps Perdu
2025-03-05 14:00:02,366 - INFO - \U0001f4cc Date max dans Google Sheets: 1970-01-01 00:00:00
2025-03-05 14:00:02,366 - INFO - \U0001f4cc Date min dans SQL: NaT, Date max dans SQL: NaT
2025-03-05 14:00:02,366 - INFO - \u2705 Feuille Temps Perdu mise à jour avec succès !
2025-03-05 14:00:02,366 - INFO - 
--------------------------
2025-03-05 14:00:02,366 - INFO - \U0001f4cc Début traitement de la table : table_vide
2025-03-05 14:00:02,916 - INFO - Données récupérées pour table_vide: 98040 lignes
2025-03-05 14:00:02,972 - INFO - \U0001f4ca Après nettoyage : 98040 lignes restantes
2025-03-05 14:00:04,693 - INFO - \u2705 Connexion à Google Sheet Vide - Vide réussie.
2025-03-05 14:00:08,879 - INFO - Le script tourne toujours...
2025-03-05 14:00:09,685 - INFO - \U0001f4e4 Début de la mise à jour de la feuille Vide
2025-03-05 14:00:11,000 - INFO - \U0001f4cc Date max dans Google Sheets: 2025-03-05 11:00:00
2025-03-05 14:00:11,000 - INFO - \U0001f4cc Date min dans SQL: NaT, Date max dans SQL: NaT
2025-03-05 14:00:11,006 - INFO - \u2705 Feuille Vide mise à jour avec succès !
2025-03-05 14:00:11,006 - INFO - 
--------------------------
2025-03-05 14:00:11,006 - INFO - \U0001f4cc Début traitement de la table : table_sync
2025-03-05 14:00:11,861 - INFO - Données récupérées pour table_sync: 139440 lignes
2025-03-05 14:00:11,947 - INFO - \U0001f4ca Après nettoyage : 139440 lignes restantes
2025-03-05 14:00:15,934 - INFO - \u2705 Connexion à Google Sheet Synchronisation - Synchronisation réussie.
2025-03-05 14:00:21,704 - INFO - \U0001f4e4 Début de la mise à jour de la feuille Synchronisation
2025-03-05 14:00:23,494 - INFO - \U0001f4cc Date max dans Google Sheets: 2025-03-05 11:00:00
2025-03-05 14:00:23,495 - INFO - \U0001f4cc Date min dans SQL: NaT, Date max dans SQL: NaT
2025-03-05 14:00:23,501 - INFO - \u2705 Feuille Synchronisation mise à jour avec succès !
2025-03-05 14:00:23,501 - INFO - 
--------------------------
2025-03-05 14:00:23,501 - INFO - \U0001f4cc Début traitement de la table : table_vitesse
2025-03-05 14:00:24,625 - INFO - Données récupérées pour table_vitesse: 210120 lignes
2025-03-05 14:00:24,737 - INFO - \U0001f4ca Après nettoyage : 210120 lignes restantes
2025-03-05 14:00:27,317 - INFO - \u2705 Connexion à Google Sheet Vitesse - Vitesse réussie.
2025-03-05 14:00:32,089 - INFO - Scheduler has been shut down
2025-03-05 14:00:35,167 - INFO - Code Démarré
2025-03-05 14:00:35,168 - INFO - Fichier key.json trouvé
2025-03-05 14:00:35,172 - INFO - Adding job tentatively -- it will be properly scheduled when the scheduler starts
2025-03-05 14:00:35,173 - INFO - Added job "main" to job store "default"
2025-03-05 14:00:35,173 - INFO - Scheduler started
2025-03-05 14:00:35,174 - INFO - Le script tourne toujours...
2025-03-05 14:01:06,965 - INFO - Scheduler has been shut down
2025-03-05 14:01:21,390 - INFO - Code Démarré
2025-03-05 14:01:21,390 - INFO - Fichier key.json trouvé
2025-03-05 14:01:21,401 - INFO - Adding job tentatively -- it will be properly scheduled when the scheduler starts
2025-03-05 14:01:21,403 - INFO - Added job "main" to job store "default"
2025-03-05 14:01:21,403 - INFO - Scheduler started
2025-03-05 14:01:21,404 - INFO - 
--------------------------
2025-03-05 14:01:21,404 - INFO - \U0001f4cc Début traitement de la table : table_tps_perdu
2025-03-05 14:01:21,960 - INFO - Données récupérées pour table_tps_perdu: 98080 lignes
2025-03-05 14:01:22,015 - INFO - \U0001f4ca Après nettoyage : 98080 lignes restantes
2025-03-05 14:01:24,122 - INFO - \u2705 Connexion à Google Sheet Temps Perdu - Temps Perdu réussie.
2025-03-05 14:01:24,362 - INFO - \U0001f4e4 Début de la mise à jour de la feuille Temps Perdu
2025-03-05 14:01:24,665 - INFO - \U0001f4cc Date max dans Google Sheets: 1970-01-01 00:00:00
2025-03-05 14:01:24,665 - INFO - \U0001f4cc Date min dans SQL: NaT, Date max dans SQL: NaT
2025-03-05 14:01:24,666 - INFO - \u2705 Feuille Temps Perdu mise à jour avec succès !
2025-03-05 14:01:24,666 - INFO - 
--------------------------
2025-03-05 14:01:24,666 - INFO - \U0001f4cc Début traitement de la table : table_vide
2025-03-05 14:01:25,215 - INFO - Données récupérées pour table_vide: 98080 lignes
2025-03-05 14:01:25,275 - INFO - \U0001f4ca Après nettoyage : 98080 lignes restantes
2025-03-05 14:01:26,758 - INFO - \u2705 Connexion à Google Sheet Vide - Vide réussie.
2025-03-05 14:01:31,314 - INFO - \U0001f4e4 Début de la mise à jour de la feuille Vide
2025-03-05 14:01:34,355 - INFO - \U0001f4cc Date max dans Google Sheets: 2025-03-05 11:00:00
2025-03-05 14:01:34,355 - INFO - \U0001f4cc Date min dans SQL: NaT, Date max dans SQL: NaT
2025-03-05 14:01:34,360 - INFO - \u2705 Feuille Vide mise à jour avec succès !
2025-03-05 14:01:34,360 - INFO - 
--------------------------
2025-03-05 14:01:34,360 - INFO - \U0001f4cc Début traitement de la table : table_sync
2025-03-05 14:01:35,293 - INFO - Données récupérées pour table_sync: 139480 lignes
2025-03-05 14:01:35,368 - INFO - \U0001f4ca Après nettoyage : 139480 lignes restantes
2025-03-05 14:01:37,382 - INFO - \u2705 Connexion à Google Sheet Synchronisation - Synchronisation réussie.
2025-03-05 14:01:43,240 - INFO - \U0001f4e4 Début de la mise à jour de la feuille Synchronisation
2025-03-05 14:01:45,224 - INFO - \U0001f4cc Date max dans Google Sheets: 2025-03-05 11:00:00
2025-03-05 14:01:45,224 - INFO - \U0001f4cc Date min dans SQL: NaT, Date max dans SQL: NaT
2025-03-05 14:01:45,229 - INFO - \u2705 Feuille Synchronisation mise à jour avec succès !
2025-03-05 14:01:45,229 - INFO - 
--------------------------
2025-03-05 14:01:45,229 - INFO - \U0001f4cc Début traitement de la table : table_vitesse
2025-03-05 14:01:46,397 - INFO - Données récupérées pour table_vitesse: 210120 lignes
2025-03-05 14:01:46,515 - INFO - \U0001f4ca Après nettoyage : 210120 lignes restantes
2025-03-05 14:01:48,656 - INFO - \u2705 Connexion à Google Sheet Vitesse - Vitesse réussie.
2025-03-05 14:01:53,693 - INFO - \U0001f4e4 Début de la mise à jour de la feuille Vitesse
2025-03-05 14:01:55,572 - INFO - \U0001f4cc Date max dans Google Sheets: 2025-03-05 11:00:00
2025-03-05 14:01:55,572 - INFO - \U0001f4cc Date min dans SQL: NaT, Date max dans SQL: NaT
2025-03-05 14:01:55,577 - INFO - \u2705 Feuille Vitesse mise à jour avec succès !
2025-03-05 14:01:55,577 - INFO - 
--------------------------
2025-03-05 14:01:55,577 - INFO - \U0001f4cc Début traitement de la table : table_qte_shift
2025-03-05 14:01:56,330 - INFO - Données récupérées pour table_qte_shift: 139800 lignes
2025-03-05 14:01:56,404 - INFO - \U0001f4ca Après nettoyage : 139800 lignes restantes
2025-03-05 14:01:59,265 - INFO - \u2705 Connexion à Google Sheet Quantité Shift - Qte Shift réussie.
2025-03-05 14:02:05,368 - INFO - \U0001f4e4 Début de la mise à jour de la feuille Qte Shift
2025-03-05 14:02:06,872 - INFO - \U0001f4cc Date max dans Google Sheets: 2025-03-05 11:00:00
2025-03-05 14:02:06,872 - INFO - \U0001f4cc Date min dans SQL: NaT, Date max dans SQL: NaT
2025-03-05 14:02:06,878 - INFO - \u2705 Feuille Qte Shift mise à jour avec succès !
2025-03-05 14:02:06,878 - INFO - 
--------------------------
2025-03-05 14:02:06,878 - INFO - \U0001f4cc Début traitement de la table : table_qte_jour
2025-03-05 14:02:07,441 - INFO - Données récupérées pour table_qte_jour: 98080 lignes
2025-03-05 14:02:07,496 - INFO - \U0001f4ca Après nettoyage : 98080 lignes restantes
2025-03-05 14:02:10,199 - INFO - \u2705 Connexion à Google Sheet Quantité Jour - Qte Jour réussie.
2025-03-05 14:02:14,705 - INFO - \U0001f4e4 Début de la mise à jour de la feuille Qte Jour
2025-03-05 14:02:16,225 - INFO - \U0001f4cc Date max dans Google Sheets: 2025-03-05 11:00:00
2025-03-05 14:02:16,225 - INFO - \U0001f4cc Date min dans SQL: NaT, Date max dans SQL: NaT
2025-03-05 14:02:16,228 - INFO - \u2705 Feuille Qte Jour mise à jour avec succès !
2025-03-05 14:02:16,239 - INFO - Le script tourne toujours...
2025-03-05 14:05:08,807 - INFO - Scheduler has been shut down
2025-03-05 14:05:08,880 - INFO - Le script tourne toujours...
2025-03-05 14:10:08,881 - INFO - Le script tourne toujours...
2025-03-05 14:15:08,882 - INFO - Le script tourne toujours...
2025-03-05 14:20:08,882 - INFO - Le script tourne toujours...
2025-03-05 14:21:08,877 - INFO - Running job "main (trigger: interval[0:58:00], next run at: 2025-03-05 15:19:08 CET)" (scheduled at 2025-03-05 14:21:08.859874+01:00)
2025-03-05 14:22:09,837 - INFO - Job "main (trigger: interval[0:58:00], next run at: 2025-03-05 15:19:08 CET)" executed successfully
2025-03-05 14:25:08,883 - INFO - Le script tourne toujours...
2025-03-05 14:30:08,884 - INFO - Le script tourne toujours...
2025-03-05 14:30:53,134 - INFO - Code Démarré
2025-03-05 14:30:53,134 - INFO - Fichier key.json trouvé
2025-03-05 14:30:53,138 - INFO - Adding job tentatively -- it will be properly scheduled when the scheduler starts
2025-03-05 14:30:53,139 - INFO - Added job "main" to job store "default"
2025-03-05 14:30:53,140 - INFO - Scheduler started
2025-03-05 14:30:53,141 - INFO - 
--------------------------
2025-03-05 14:30:53,141 - INFO - \U0001f4cc Début traitement de la table : table_tps_perdu
2025-03-05 14:30:53,709 - INFO - Données récupérées pour table_tps_perdu: 98160 lignes
2025-03-05 14:30:53,766 - INFO - \U0001f4ca Après nettoyage : 98160 lignes restantes
2025-03-05 14:30:55,624 - INFO - \u2705 Connexion à Google Sheet Temps Perdu - Temps Perdu réussie.
2025-03-05 14:30:55,872 - INFO - \U0001f4e4 Début de la mise à jour de la feuille Temps Perdu
2025-03-05 14:30:57,350 - INFO - \u2705 Feuille Temps Perdu mise à jour avec succès !
2025-03-05 14:30:57,350 - INFO - 
--------------------------
2025-03-05 14:30:57,350 - INFO - \U0001f4cc Début traitement de la table : table_vide
2025-03-05 14:30:58,181 - INFO - Données récupérées pour table_vide: 98160 lignes
2025-03-05 14:30:58,263 - INFO - \U0001f4ca Après nettoyage : 98160 lignes restantes
2025-03-05 14:31:00,040 - INFO - \u2705 Connexion à Google Sheet Vide - Vide réussie.
2025-03-05 14:31:06,298 - INFO - \U0001f4e4 Début de la mise à jour de la feuille Vide
2025-03-05 14:31:09,819 - INFO - \u2705 Feuille Vide mise à jour avec succès !
2025-03-05 14:31:09,819 - INFO - 
--------------------------
2025-03-05 14:31:09,819 - INFO - \U0001f4cc Début traitement de la table : table_sync
2025-03-05 14:31:10,555 - INFO - Données récupérées pour table_sync: 139560 lignes
2025-03-05 14:31:10,633 - INFO - \U0001f4ca Après nettoyage : 139560 lignes restantes
2025-03-05 14:31:12,286 - INFO - \u2705 Connexion à Google Sheet Synchronisation - Synchronisation réussie.
2025-03-05 14:31:15,967 - INFO - Scheduler has been shut down
2025-03-05 14:31:26,122 - INFO - Code Démarré
2025-03-05 14:31:26,122 - INFO - Fichier key.json trouvé
2025-03-05 14:31:26,127 - INFO - Adding job tentatively -- it will be properly scheduled when the scheduler starts
2025-03-05 14:31:26,128 - INFO - Added job "main" to job store "default"
2025-03-05 14:31:26,128 - INFO - Scheduler started
2025-03-05 14:31:26,130 - INFO - 
--------------------------
2025-03-05 14:31:26,130 - INFO - \U0001f4cc Début traitement de la table : table_tps_perdu
2025-03-05 14:31:26,698 - INFO - Données récupérées pour table_tps_perdu: 98160 lignes
2025-03-05 14:31:26,758 - INFO - \U0001f4ca Après nettoyage : 98160 lignes restantes
2025-03-05 14:31:28,491 - INFO - \u2705 Connexion à Google Sheet Temps Perdu - Temps Perdu réussie.
2025-03-05 14:31:29,183 - INFO - \U0001f4e4 Début de la mise à jour de la feuille Temps Perdu
2025-03-05 14:31:29,455 - INFO - \u2705 Feuille Temps Perdu mise à jour avec succès !
2025-03-05 14:31:29,455 - INFO - 
--------------------------
2025-03-05 14:31:29,455 - INFO - \U0001f4cc Début traitement de la table : table_vide
2025-03-05 14:31:30,129 - INFO - Données récupérées pour table_vide: 98160 lignes
2025-03-05 14:31:30,196 - INFO - \U0001f4ca Après nettoyage : 98160 lignes restantes
2025-03-05 14:31:31,845 - INFO - \u2705 Connexion à Google Sheet Vide - Vide réussie.
2025-03-05 14:31:36,063 - INFO - \U0001f4e4 Début de la mise à jour de la feuille Vide
2025-03-05 14:31:37,203 - INFO - Scheduler has been shut down
2025-03-05 14:32:15,787 - INFO - Code Démarré
2025-03-05 14:32:15,792 - INFO - Adding job tentatively -- it will be properly scheduled when the scheduler starts
2025-03-05 14:32:15,793 - INFO - Added job "main" to job store "default"
2025-03-05 14:32:15,793 - INFO - Scheduler started
2025-03-05 14:32:15,794 - INFO - Scheduler démarré. Le programme tourne...
2025-03-05 14:32:15,794 - INFO - 
--------------------------
2025-03-05 14:32:15,794 - INFO - \U0001f4cc Début traitement de la table : table_tps_perdu
2025-03-05 14:32:16,346 - INFO - Données récupérées pour table_tps_perdu: 98160 lignes
2025-03-05 14:32:17,875 - INFO - \u2705 Connexion à Temps Perdu - Temps Perdu réussie.
2025-03-05 14:32:18,375 - INFO - Aucune nouvelle donnée pour Temps Perdu
2025-03-05 14:32:18,375 - INFO - \u2705 Feuille Temps Perdu mise à jour avec succès !
2025-03-05 14:32:18,375 - INFO - 
--------------------------
2025-03-05 14:32:18,375 - INFO - \U0001f4cc Début traitement de la table : table_vide
2025-03-05 14:32:18,976 - INFO - Données récupérées pour table_vide: 98160 lignes
2025-03-05 14:32:20,630 - INFO - \u2705 Connexion à Vide - Vide réussie.
2025-03-05 14:32:26,924 - INFO - Aucune nouvelle donnée pour Vide
2025-03-05 14:32:26,931 - INFO - \u2705 Feuille Vide mise à jour avec succès !
2025-03-05 14:32:26,931 - INFO - 
--------------------------
2025-03-05 14:32:26,931 - INFO - \U0001f4cc Début traitement de la table : table_sync
2025-03-05 14:32:27,773 - INFO - Données récupérées pour table_sync: 139560 lignes
2025-03-05 14:32:29,982 - INFO - \u2705 Connexion à Synchronisation - Synchronisation réussie.
2025-03-05 14:32:39,274 - INFO - 1 lignes vides supprimées dans Synchronisation
2025-03-05 14:32:41,381 - INFO - Aucune nouvelle donnée pour Synchronisation
2025-03-05 14:32:41,387 - INFO - \u2705 Feuille Synchronisation mise à jour avec succès !
2025-03-05 14:32:41,387 - INFO - 
--------------------------
2025-03-05 14:32:41,387 - INFO - \U0001f4cc Début traitement de la table : table_vitesse
2025-03-05 14:32:42,720 - INFO - Données récupérées pour table_vitesse: 210200 lignes
2025-03-05 14:32:45,029 - INFO - \u2705 Connexion à Vitesse - Vitesse réussie.
2025-03-05 14:32:51,070 - INFO - 1 lignes vides supprimées dans Vitesse
2025-03-05 14:32:52,781 - INFO - Aucune nouvelle donnée pour Vitesse
2025-03-05 14:32:52,786 - INFO - \u2705 Feuille Vitesse mise à jour avec succès !
2025-03-05 14:32:52,786 - INFO - 
--------------------------
2025-03-05 14:32:52,786 - INFO - \U0001f4cc Début traitement de la table : table_qte_shift
2025-03-05 14:32:53,651 - INFO - Données récupérées pour table_qte_shift: 139880 lignes
2025-03-05 14:32:55,308 - INFO - \u2705 Connexion à Quantité Shift - Qte Shift réussie.
2025-03-05 14:33:00,907 - INFO - 1 lignes vides supprimées dans Qte Shift
2025-03-05 14:33:02,519 - INFO - Aucune nouvelle donnée pour Qte Shift
2025-03-05 14:33:02,524 - INFO - \u2705 Feuille Qte Shift mise à jour avec succès !
2025-03-05 14:33:02,524 - INFO - 
--------------------------
2025-03-05 14:33:02,524 - INFO - \U0001f4cc Début traitement de la table : table_qte_jour
2025-03-05 14:33:03,107 - INFO - Données récupérées pour table_qte_jour: 98160 lignes
2025-03-05 14:33:05,417 - INFO - \u2705 Connexion à Quantité Jour - Qte Jour réussie.
2025-03-05 14:33:10,732 - INFO - 1 lignes vides supprimées dans Qte Jour
2025-03-05 14:33:12,363 - INFO - Aucune nouvelle donnée pour Qte Jour
2025-03-05 14:33:12,367 - INFO - \u2705 Feuille Qte Jour mise à jour avec succès !
2025-03-05 14:33:12,377 - INFO - Le script tourne toujours...
2025-03-05 14:33:55,618 - INFO - Scheduler has been shut down
2025-03-05 14:33:55,619 - INFO - Scheduler arrêté proprement.
2025-03-05 14:35:08,886 - INFO - Le script tourne toujours...
2025-03-05 14:40:08,887 - INFO - Le script tourne toujours...
2025-03-05 14:45:08,888 - INFO - Le script tourne toujours...
2025-03-05 14:50:08,888 - INFO - Le script tourne toujours...
2025-03-05 14:55:08,889 - INFO - Le script tourne toujours...
2025-03-05 15:00:08,891 - INFO - Le script tourne toujours...
2025-03-05 15:05:08,891 - INFO - Le script tourne toujours...
2025-03-05 15:10:08,893 - INFO - Le script tourne toujours...
2025-03-05 15:15:08,894 - INFO - Le script tourne toujours...
2025-03-05 15:19:08,877 - INFO - Running job "main (trigger: interval[0:58:00], next run at: 2025-03-05 16:17:08 CET)" (scheduled at 2025-03-05 15:19:08.859874+01:00)
2025-03-05 15:20:08,895 - INFO - Le script tourne toujours...
2025-03-05 15:20:09,581 - INFO - Job "main (trigger: interval[0:58:00], next run at: 2025-03-05 16:17:08 CET)" executed successfully
2025-03-05 15:25:08,896 - INFO - Le script tourne toujours...
2025-03-05 15:30:08,911 - INFO - Le script tourne toujours...
2025-03-05 15:35:08,912 - INFO - Le script tourne toujours...
2025-03-05 15:40:08,914 - INFO - Le script tourne toujours...
2025-03-05 15:45:08,919 - INFO - Le script tourne toujours...
2025-03-05 15:50:08,948 - INFO - Le script tourne toujours...
2025-03-05 15:55:08,979 - INFO - Le script tourne toujours...
2025-03-05 16:00:08,981 - INFO - Le script tourne toujours...
2025-03-05 16:05:08,983 - INFO - Le script tourne toujours...
2025-03-05 16:10:08,985 - INFO - Le script tourne toujours...
2025-03-05 16:15:08,986 - INFO - Le script tourne toujours...
2025-03-05 16:17:08,887 - INFO - Running job "main (trigger: interval[0:58:00], next run at: 2025-03-05 17:15:08 CET)" (scheduled at 2025-03-05 16:17:08.859874+01:00)
2025-03-05 16:17:58,531 - INFO - Job "main (trigger: interval[0:58:00], next run at: 2025-03-05 17:15:08 CET)" executed successfully
2025-03-05 16:20:08,993 - INFO - Le script tourne toujours...
2025-03-05 16:25:08,994 - INFO - Le script tourne toujours...
2025-03-05 16:30:09,002 - INFO - Le script tourne toujours...
2025-03-05 16:35:09,015 - INFO - Le script tourne toujours...
2025-03-05 16:40:09,030 - INFO - Le script tourne toujours...
2025-03-05 16:45:09,031 - INFO - Le script tourne toujours...
2025-03-05 16:50:09,046 - INFO - Le script tourne toujours...
2025-03-05 16:55:09,119 - INFO - Le script tourne toujours...
2025-03-05 17:00:09,120 - INFO - Le script tourne toujours...
2025-03-05 17:05:09,137 - INFO - Le script tourne toujours...
2025-03-05 17:10:09,144 - INFO - Le script tourne toujours...
2025-03-05 17:15:08,883 - INFO - Running job "main (trigger: interval[0:58:00], next run at: 2025-03-05 18:13:08 CET)" (scheduled at 2025-03-05 17:15:08.859874+01:00)
2025-03-05 17:15:09,147 - INFO - Le script tourne toujours...
2025-03-05 17:15:42,375 - INFO - Job "main (trigger: interval[0:58:00], next run at: 2025-03-05 18:13:08 CET)" executed successfully
2025-03-05 17:20:09,151 - INFO - Le script tourne toujours...
2025-03-05 17:25:09,181 - INFO - Le script tourne toujours...
2025-03-05 17:30:09,185 - INFO - Le script tourne toujours...
2025-03-05 17:35:09,189 - INFO - Le script tourne toujours...
2025-03-05 17:40:09,201 - INFO - Le script tourne toujours...
2025-03-05 17:45:09,202 - INFO - Le script tourne toujours...
2025-03-05 17:50:09,209 - INFO - Le script tourne toujours...
2025-03-05 17:55:09,214 - INFO - Le script tourne toujours...
2025-03-05 18:00:09,222 - INFO - Le script tourne toujours...
2025-03-05 18:05:09,223 - INFO - Le script tourne toujours...
2025-03-05 18:10:09,223 - INFO - Le script tourne toujours...
2025-03-05 18:13:08,881 - INFO - Running job "main (trigger: interval[0:58:00], next run at: 2025-03-05 19:11:08 CET)" (scheduled at 2025-03-05 18:13:08.859874+01:00)
2025-03-05 18:13:42,541 - INFO - Job "main (trigger: interval[0:58:00], next run at: 2025-03-05 19:11:08 CET)" executed successfully
2025-03-05 18:15:09,236 - INFO - Le script tourne toujours...
2025-03-05 18:20:09,238 - INFO - Le script tourne toujours...
2025-03-05 18:25:09,238 - INFO - Le script tourne toujours...
2025-03-05 18:30:09,249 - INFO - Le script tourne toujours...
2025-03-05 18:35:09,250 - INFO - Le script tourne toujours...
2025-03-05 18:40:09,258 - INFO - Le script tourne toujours...
2025-03-05 18:45:09,259 - INFO - Le script tourne toujours...
2025-03-05 18:50:09,266 - INFO - Le script tourne toujours...
2025-03-05 18:55:09,289 - INFO - Le script tourne toujours...
2025-03-05 19:00:09,310 - INFO - Le script tourne toujours...
2025-03-05 19:05:09,312 - INFO - Le script tourne toujours...
2025-03-05 19:10:09,319 - INFO - Le script tourne toujours...
2025-03-05 19:11:08,873 - INFO - Running job "main (trigger: interval[0:58:00], next run at: 2025-03-05 20:09:08 CET)" (scheduled at 2025-03-05 19:11:08.859874+01:00)
2025-03-05 19:11:41,200 - INFO - Job "main (trigger: interval[0:58:00], next run at: 2025-03-05 20:09:08 CET)" executed successfully
2025-03-05 19:15:09,325 - INFO - Le script tourne toujours...
2025-03-05 19:20:09,326 - INFO - Le script tourne toujours...
2025-03-05 19:25:09,330 - INFO - Le script tourne toujours...
2025-03-05 19:30:09,333 - INFO - Le script tourne toujours...
2025-03-05 19:35:09,338 - INFO - Le script tourne toujours...
2025-03-05 19:40:09,339 - INFO - Le script tourne toujours...
2025-03-05 19:45:09,346 - INFO - Le script tourne toujours...
2025-03-05 19:50:09,355 - INFO - Le script tourne toujours...
2025-03-05 19:55:09,362 - INFO - Le script tourne toujours...
2025-03-05 20:00:09,363 - INFO - Le script tourne toujours...
2025-03-05 20:05:09,380 - INFO - Le script tourne toujours...
2025-03-05 20:09:08,869 - INFO - Running job "main (trigger: interval[0:58:00], next run at: 2025-03-05 21:07:08 CET)" (scheduled at 2025-03-05 20:09:08.859874+01:00)
2025-03-05 20:10:04,899 - INFO - Job "main (trigger: interval[0:58:00], next run at: 2025-03-05 21:07:08 CET)" executed successfully
2025-03-05 20:10:09,414 - INFO - Le script tourne toujours...
2025-03-05 20:15:09,416 - INFO - Le script tourne toujours...
2025-03-05 20:20:09,423 - INFO - Le script tourne toujours...
2025-03-05 20:25:09,425 - INFO - Le script tourne toujours...
2025-03-05 20:30:09,436 - INFO - Le script tourne toujours...
2025-03-05 20:35:09,444 - INFO - Le script tourne toujours...
2025-03-05 20:40:09,464 - INFO - Le script tourne toujours...
2025-03-05 20:45:09,465 - INFO - Le script tourne toujours...
2025-03-05 20:50:09,477 - INFO - Le script tourne toujours...
2025-03-05 20:55:09,483 - INFO - Le script tourne toujours...
2025-03-05 21:00:09,484 - INFO - Le script tourne toujours...
2025-03-05 21:05:09,497 - INFO - Le script tourne toujours...
2025-03-05 21:07:08,891 - INFO - Running job "main (trigger: interval[0:58:00], next run at: 2025-03-05 22:05:08 CET)" (scheduled at 2025-03-05 21:07:08.859874+01:00)
2025-03-05 21:07:39,173 - INFO - Job "main (trigger: interval[0:58:00], next run at: 2025-03-05 22:05:08 CET)" executed successfully
2025-03-05 21:10:09,507 - INFO - Le script tourne toujours...
2025-03-05 21:15:09,517 - INFO - Le script tourne toujours...
2025-03-05 21:20:09,518 - INFO - Le script tourne toujours...
2025-03-05 21:25:09,551 - INFO - Le script tourne toujours...
2025-03-05 21:30:09,552 - INFO - Le script tourne toujours...
2025-03-05 21:35:09,563 - INFO - Le script tourne toujours...
2025-03-05 21:40:09,568 - INFO - Le script tourne toujours...
2025-03-05 21:45:09,580 - INFO - Le script tourne toujours...
2025-03-05 21:50:09,587 - INFO - Le script tourne toujours...
2025-03-05 21:55:09,588 - INFO - Le script tourne toujours...
2025-03-05 22:00:09,594 - INFO - Le script tourne toujours...
2025-03-05 22:05:08,892 - INFO - Running job "main (trigger: interval[0:58:00], next run at: 2025-03-05 23:03:08 CET)" (scheduled at 2025-03-05 22:05:08.859874+01:00)
2025-03-05 22:05:09,607 - INFO - Le script tourne toujours...
2025-03-05 22:05:40,855 - INFO - Job "main (trigger: interval[0:58:00], next run at: 2025-03-05 23:03:08 CET)" executed successfully
2025-03-05 22:10:09,608 - INFO - Le script tourne toujours...
2025-03-05 22:15:09,637 - INFO - Le script tourne toujours...
2025-03-05 22:20:09,651 - INFO - Le script tourne toujours...
2025-03-05 22:25:09,653 - INFO - Le script tourne toujours...
2025-03-05 22:30:09,659 - INFO - Le script tourne toujours...
2025-03-05 22:35:09,689 - INFO - Le script tourne toujours...
2025-03-05 22:40:09,691 - INFO - Le script tourne toujours...
2025-03-05 22:45:09,722 - INFO - Le script tourne toujours...
2025-03-05 22:50:09,733 - INFO - Le script tourne toujours...
2025-03-05 22:55:09,745 - INFO - Le script tourne toujours...
2025-03-05 23:00:09,746 - INFO - Le script tourne toujours...
2025-03-05 23:03:08,864 - INFO - Running job "main (trigger: interval[0:58:00], next run at: 2025-03-06 00:01:08 CET)" (scheduled at 2025-03-05 23:03:08.859874+01:00)
2025-03-05 23:03:45,522 - INFO - Job "main (trigger: interval[0:58:00], next run at: 2025-03-06 00:01:08 CET)" executed successfully
2025-03-05 23:05:09,753 - INFO - Le script tourne toujours...
2025-03-05 23:10:09,754 - INFO - Le script tourne toujours...
2025-03-05 23:15:09,755 - INFO - Le script tourne toujours...
2025-03-05 23:20:09,756 - INFO - Le script tourne toujours...
2025-03-05 23:25:09,757 - INFO - Le script tourne toujours...
2025-03-05 23:30:09,758 - INFO - Le script tourne toujours...
2025-03-05 23:35:09,759 - INFO - Le script tourne toujours...
2025-03-05 23:40:09,760 - INFO - Le script tourne toujours...
2025-03-05 23:45:09,761 - INFO - Le script tourne toujours...
2025-03-05 23:50:09,762 - INFO - Le script tourne toujours...
2025-03-05 23:55:09,762 - INFO - Le script tourne toujours...
2025-03-06 00:00:09,764 - INFO - Le script tourne toujours...
2025-03-06 00:01:08,879 - INFO - Running job "main (trigger: interval[0:58:00], next run at: 2025-03-06 00:59:08 CET)" (scheduled at 2025-03-06 00:01:08.859874+01:00)
2025-03-06 00:01:41,981 - INFO - Job "main (trigger: interval[0:58:00], next run at: 2025-03-06 00:59:08 CET)" executed successfully
2025-03-06 00:05:09,765 - INFO - Le script tourne toujours...
2025-03-06 00:10:09,765 - INFO - Le script tourne toujours...
2025-03-06 00:15:09,766 - INFO - Le script tourne toujours...
2025-03-06 00:20:09,767 - INFO - Le script tourne toujours...
2025-03-06 00:25:09,768 - INFO - Le script tourne toujours...
2025-03-06 00:30:09,768 - INFO - Le script tourne toujours...
2025-03-06 00:35:09,769 - INFO - Le script tourne toujours...
2025-03-06 00:40:09,770 - INFO - Le script tourne toujours...
2025-03-06 00:45:09,792 - INFO - Le script tourne toujours...
2025-03-06 00:50:09,793 - INFO - Le script tourne toujours...
2025-03-06 00:55:09,794 - INFO - Le script tourne toujours...
2025-03-06 00:59:08,873 - INFO - Running job "main (trigger: interval[0:58:00], next run at: 2025-03-06 01:57:08 CET)" (scheduled at 2025-03-06 00:59:08.859874+01:00)
2025-03-06 00:59:59,756 - INFO - Job "main (trigger: interval[0:58:00], next run at: 2025-03-06 01:57:08 CET)" executed successfully
2025-03-06 01:00:09,795 - INFO - Le script tourne toujours...
2025-03-06 01:05:09,796 - INFO - Le script tourne toujours...
2025-03-06 01:10:09,797 - INFO - Le script tourne toujours...
2025-03-06 01:15:09,800 - INFO - Le script tourne toujours...
2025-03-06 01:20:09,801 - INFO - Le script tourne toujours...
2025-03-06 01:25:09,801 - INFO - Le script tourne toujours...
2025-03-06 01:30:09,802 - INFO - Le script tourne toujours...
2025-03-06 01:35:09,803 - INFO - Le script tourne toujours...
2025-03-06 01:40:09,804 - INFO - Le script tourne toujours...
2025-03-06 01:45:09,805 - INFO - Le script tourne toujours...
2025-03-06 01:50:09,806 - INFO - Le script tourne toujours...
2025-03-06 01:55:09,806 - INFO - Le script tourne toujours...
2025-03-06 01:57:08,872 - INFO - Running job "main (trigger: interval[0:58:00], next run at: 2025-03-06 02:55:08 CET)" (scheduled at 2025-03-06 01:57:08.859874+01:00)
2025-03-06 01:58:01,444 - INFO - Job "main (trigger: interval[0:58:00], next run at: 2025-03-06 02:55:08 CET)" executed successfully
2025-03-06 02:00:09,807 - INFO - Le script tourne toujours...
2025-03-06 02:05:09,808 - INFO - Le script tourne toujours...
2025-03-06 02:10:09,809 - INFO - Le script tourne toujours...
2025-03-06 02:15:09,810 - INFO - Le script tourne toujours...
2025-03-06 02:20:09,811 - INFO - Le script tourne toujours...
2025-03-06 02:25:09,811 - INFO - Le script tourne toujours...
2025-03-06 02:30:09,812 - INFO - Le script tourne toujours...
2025-03-06 02:35:09,814 - INFO - Le script tourne toujours...
2025-03-06 02:40:09,814 - INFO - Le script tourne toujours...
2025-03-06 02:45:09,815 - INFO - Le script tourne toujours...
2025-03-06 02:50:09,816 - INFO - Le script tourne toujours...
2025-03-06 02:55:08,862 - INFO - Running job "main (trigger: interval[0:58:00], next run at: 2025-03-06 03:53:08 CET)" (scheduled at 2025-03-06 02:55:08.859874+01:00)
2025-03-06 02:55:09,817 - INFO - Le script tourne toujours...
2025-03-06 02:56:03,064 - INFO - Job "main (trigger: interval[0:58:00], next run at: 2025-03-06 03:53:08 CET)" executed successfully
2025-03-06 03:00:09,818 - INFO - Le script tourne toujours...
2025-03-06 03:05:09,818 - INFO - Le script tourne toujours...
2025-03-06 03:10:09,820 - INFO - Le script tourne toujours...
2025-03-06 03:15:09,821 - INFO - Le script tourne toujours...
2025-03-06 03:20:09,821 - INFO - Le script tourne toujours...
2025-03-06 03:25:09,822 - INFO - Le script tourne toujours...
2025-03-06 03:30:09,824 - INFO - Le script tourne toujours...
2025-03-06 03:35:09,824 - INFO - Le script tourne toujours...
2025-03-06 03:40:09,825 - INFO - Le script tourne toujours...
2025-03-06 03:45:09,826 - INFO - Le script tourne toujours...
2025-03-06 03:50:09,827 - INFO - Le script tourne toujours...
2025-03-06 03:53:08,871 - INFO - Running job "main (trigger: interval[0:58:00], next run at: 2025-03-06 04:51:08 CET)" (scheduled at 2025-03-06 03:53:08.859874+01:00)
2025-03-06 03:54:09,799 - INFO - Job "main (trigger: interval[0:58:00], next run at: 2025-03-06 04:51:08 CET)" executed successfully
2025-03-06 03:55:09,828 - INFO - Le script tourne toujours...
2025-03-06 04:00:09,829 - INFO - Le script tourne toujours...
2025-03-06 04:05:09,830 - INFO - Le script tourne toujours...
2025-03-06 04:10:09,831 - INFO - Le script tourne toujours...
2025-03-06 04:15:09,831 - INFO - Le script tourne toujours...
2025-03-06 04:20:09,832 - INFO - Le script tourne toujours...
2025-03-06 04:25:09,833 - INFO - Le script tourne toujours...
2025-03-06 04:30:09,834 - INFO - Le script tourne toujours...
2025-03-06 04:35:09,835 - INFO - Le script tourne toujours...
2025-03-06 04:40:09,835 - INFO - Le script tourne toujours...
2025-03-06 04:45:09,836 - INFO - Le script tourne toujours...
2025-03-06 04:50:09,837 - INFO - Le script tourne toujours...
2025-03-06 04:51:08,869 - INFO - Running job "main (trigger: interval[0:58:00], next run at: 2025-03-06 05:49:08 CET)" (scheduled at 2025-03-06 04:51:08.859874+01:00)
2025-03-06 04:52:03,055 - INFO - Job "main (trigger: interval[0:58:00], next run at: 2025-03-06 05:49:08 CET)" executed successfully
2025-03-06 04:55:09,838 - INFO - Le script tourne toujours...
2025-03-06 05:00:09,839 - INFO - Le script tourne toujours...
2025-03-06 05:05:09,840 - INFO - Le script tourne toujours...
2025-03-06 05:10:09,842 - INFO - Le script tourne toujours...
2025-03-06 05:15:09,842 - INFO - Le script tourne toujours...
2025-03-06 05:20:09,843 - INFO - Le script tourne toujours...
2025-03-06 05:25:09,845 - INFO - Le script tourne toujours...
2025-03-06 05:30:09,846 - INFO - Le script tourne toujours...
2025-03-06 05:35:09,847 - INFO - Le script tourne toujours...
2025-03-06 05:40:09,848 - INFO - Le script tourne toujours...
2025-03-06 05:45:09,849 - INFO - Le script tourne toujours...
2025-03-06 05:49:08,874 - INFO - Running job "main (trigger: interval[0:58:00], next run at: 2025-03-06 06:47:08 CET)" (scheduled at 2025-03-06 05:49:08.859874+01:00)
2025-03-06 05:50:05,332 - INFO - Job "main (trigger: interval[0:58:00], next run at: 2025-03-06 06:47:08 CET)" executed successfully
2025-03-06 05:50:09,849 - INFO - Le script tourne toujours...
2025-03-06 05:55:09,850 - INFO - Le script tourne toujours...
2025-03-06 06:00:09,851 - INFO - Le script tourne toujours...
2025-03-06 06:05:09,853 - INFO - Le script tourne toujours...
2025-03-06 06:10:09,853 - INFO - Le script tourne toujours...
2025-03-06 06:15:09,854 - INFO - Le script tourne toujours...
2025-03-06 06:20:09,855 - INFO - Le script tourne toujours...
2025-03-06 06:25:09,856 - INFO - Le script tourne toujours...
2025-03-06 06:30:09,857 - INFO - Le script tourne toujours...
2025-03-06 06:35:09,857 - INFO - Le script tourne toujours...
2025-03-06 06:40:09,858 - INFO - Le script tourne toujours...
2025-03-06 06:45:09,859 - INFO - Le script tourne toujours...
2025-03-06 06:47:08,866 - INFO - Running job "main (trigger: interval[0:58:00], next run at: 2025-03-06 07:45:08 CET)" (scheduled at 2025-03-06 06:47:08.859874+01:00)
2025-03-06 06:47:54,267 - INFO - Job "main (trigger: interval[0:58:00], next run at: 2025-03-06 07:45:08 CET)" executed successfully
2025-03-06 06:50:09,861 - INFO - Le script tourne toujours...
2025-03-06 06:55:09,862 - INFO - Le script tourne toujours...
2025-03-06 07:00:09,862 - INFO - Le script tourne toujours...
2025-03-06 07:05:09,863 - INFO - Le script tourne toujours...
2025-03-06 07:10:09,864 - INFO - Le script tourne toujours...
2025-03-06 07:15:09,865 - INFO - Le script tourne toujours...
2025-03-06 07:20:09,865 - INFO - Le script tourne toujours...
2025-03-06 07:25:09,866 - INFO - Le script tourne toujours...
2025-03-06 07:30:09,867 - INFO - Le script tourne toujours...
2025-03-06 07:35:09,868 - INFO - Le script tourne toujours...
2025-03-06 07:40:09,869 - INFO - Le script tourne toujours...
2025-03-06 07:45:08,864 - INFO - Running job "main (trigger: interval[0:58:00], next run at: 2025-03-06 08:43:08 CET)" (scheduled at 2025-03-06 07:45:08.859874+01:00)
2025-03-06 07:45:09,871 - INFO - Le script tourne toujours...
2025-03-06 07:45:58,484 - INFO - Job "main (trigger: interval[0:58:00], next run at: 2025-03-06 08:43:08 CET)" executed successfully
2025-03-06 07:50:09,872 - INFO - Le script tourne toujours...
2025-03-06 07:55:09,873 - INFO - Le script tourne toujours...
2025-03-06 08:00:09,874 - INFO - Le script tourne toujours...
2025-03-06 08:05:09,874 - INFO - Le script tourne toujours...
2025-03-06 08:10:09,875 - INFO - Le script tourne toujours...
2025-03-06 08:15:09,876 - INFO - Le script tourne toujours...
2025-03-06 08:20:09,877 - INFO - Le script tourne toujours...
2025-03-06 08:25:09,878 - INFO - Le script tourne toujours...
2025-03-06 08:30:09,879 - INFO - Le script tourne toujours...
2025-03-06 08:35:09,879 - INFO - Le script tourne toujours...
2025-03-06 08:40:09,881 - INFO - Le script tourne toujours...
2025-03-06 08:43:08,863 - INFO - Running job "main (trigger: interval[0:58:00], next run at: 2025-03-06 09:41:08 CET)" (scheduled at 2025-03-06 08:43:08.859874+01:00)
2025-03-06 08:43:56,101 - INFO - Job "main (trigger: interval[0:58:00], next run at: 2025-03-06 09:41:08 CET)" executed successfully
2025-03-06 08:45:09,882 - INFO - Le script tourne toujours...
2025-03-06 08:50:09,883 - INFO - Le script tourne toujours...
2025-03-06 08:55:09,883 - INFO - Le script tourne toujours...
2025-03-06 09:00:09,884 - INFO - Le script tourne toujours...
2025-03-06 09:05:09,885 - INFO - Le script tourne toujours...
2025-03-06 09:10:09,886 - INFO - Le script tourne toujours...
2025-03-06 09:15:09,887 - INFO - Le script tourne toujours...
2025-03-06 09:20:09,887 - INFO - Le script tourne toujours...
2025-03-06 09:25:09,888 - INFO - Le script tourne toujours...
2025-03-06 09:30:09,889 - INFO - Le script tourne toujours...
2025-03-06 09:35:09,890 - INFO - Le script tourne toujours...
2025-03-06 09:40:09,891 - INFO - Le script tourne toujours...
2025-03-06 09:41:08,866 - INFO - Running job "main (trigger: interval[0:58:00], next run at: 2025-03-06 10:39:08 CET)" (scheduled at 2025-03-06 09:41:08.859874+01:00)
2025-03-06 09:42:06,013 - INFO - Job "main (trigger: interval[0:58:00], next run at: 2025-03-06 10:39:08 CET)" executed successfully
2025-03-06 09:45:09,892 - INFO - Le script tourne toujours...
2025-03-06 09:50:09,894 - INFO - Le script tourne toujours...
2025-03-06 09:55:09,895 - INFO - Le script tourne toujours...
2025-03-06 10:00:09,896 - INFO - Le script tourne toujours...
2025-03-06 10:05:09,896 - INFO - Le script tourne toujours...
2025-03-06 10:10:09,898 - INFO - Le script tourne toujours...
2025-03-06 10:15:09,899 - INFO - Le script tourne toujours...
2025-03-06 10:20:09,901 - INFO - Le script tourne toujours...
2025-03-06 10:25:09,903 - INFO - Le script tourne toujours...
2025-03-06 10:30:09,904 - INFO - Le script tourne toujours...
2025-03-06 10:35:09,906 - INFO - Le script tourne toujours...
2025-03-06 10:39:08,874 - INFO - Running job "main (trigger: interval[0:58:00], next run at: 2025-03-06 11:37:08 CET)" (scheduled at 2025-03-06 10:39:08.859874+01:00)
2025-03-06 10:39:26,364 - INFO - Job "main (trigger: interval[0:58:00], next run at: 2025-03-06 11:37:08 CET)" executed successfully
2025-03-06 10:40:09,906 - INFO - Le script tourne toujours...
2025-03-06 10:45:09,907 - INFO - Le script tourne toujours...
2025-03-06 10:50:09,908 - INFO - Le script tourne toujours...
2025-03-06 10:55:09,908 - INFO - Le script tourne toujours...
2025-03-06 11:00:09,909 - INFO - Le script tourne toujours...
2025-03-06 11:05:09,911 - INFO - Le script tourne toujours...
2025-03-06 11:10:09,912 - INFO - Le script tourne toujours...
2025-03-06 11:15:09,913 - INFO - Le script tourne toujours...
2025-03-06 11:20:09,914 - INFO - Le script tourne toujours...
2025-03-06 11:25:09,916 - INFO - Le script tourne toujours...
2025-03-06 11:30:09,917 - INFO - Le script tourne toujours...
2025-03-06 11:35:09,918 - INFO - Le script tourne toujours...
2025-03-06 11:37:08,871 - INFO - Running job "main (trigger: interval[0:58:00], next run at: 2025-03-06 12:35:08 CET)" (scheduled at 2025-03-06 11:37:08.859874+01:00)
2025-03-06 11:37:26,730 - INFO - Job "main (trigger: interval[0:58:00], next run at: 2025-03-06 12:35:08 CET)" executed successfully
2025-03-06 11:40:09,919 - INFO - Le script tourne toujours...
2025-03-06 11:45:09,921 - INFO - Le script tourne toujours...
2025-03-06 11:50:09,921 - INFO - Le script tourne toujours...
2025-03-06 11:55:09,922 - INFO - Le script tourne toujours...
2025-03-06 12:00:09,924 - INFO - Le script tourne toujours...
2025-03-06 12:05:09,925 - INFO - Le script tourne toujours...
2025-03-06 12:10:09,926 - INFO - Le script tourne toujours...
2025-03-06 12:15:09,927 - INFO - Le script tourne toujours...
2025-03-06 12:20:09,928 - INFO - Le script tourne toujours...
2025-03-06 12:25:09,929 - INFO - Le script tourne toujours...
2025-03-06 12:30:09,930 - INFO - Le script tourne toujours...
2025-03-06 12:35:08,876 - INFO - Running job "main (trigger: interval[0:58:00], next run at: 2025-03-06 13:33:08 CET)" (scheduled at 2025-03-06 12:35:08.859874+01:00)
2025-03-06 12:35:09,931 - INFO - Le script tourne toujours...
2025-03-06 12:35:26,110 - INFO - Job "main (trigger: interval[0:58:00], next run at: 2025-03-06 13:33:08 CET)" executed successfully
2025-03-06 12:40:09,931 - INFO - Le script tourne toujours...
2025-03-06 12:45:09,932 - INFO - Le script tourne toujours...
2025-03-06 12:50:09,933 - INFO - Le script tourne toujours...
2025-03-06 12:55:09,934 - INFO - Le script tourne toujours...
2025-03-06 13:00:09,935 - INFO - Le script tourne toujours...
2025-03-06 13:05:09,936 - INFO - Le script tourne toujours...
2025-03-06 13:10:09,936 - INFO - Le script tourne toujours...
2025-03-06 13:15:09,937 - INFO - Le script tourne toujours...
2025-03-06 13:20:09,938 - INFO - Le script tourne toujours...
2025-03-06 13:25:09,939 - INFO - Le script tourne toujours...
2025-03-06 13:30:09,940 - INFO - Le script tourne toujours...
2025-03-06 13:33:08,866 - INFO - Running job "main (trigger: interval[0:58:00], next run at: 2025-03-06 14:31:08 CET)" (scheduled at 2025-03-06 13:33:08.859874+01:00)
2025-03-06 13:33:26,187 - INFO - Job "main (trigger: interval[0:58:00], next run at: 2025-03-06 14:31:08 CET)" executed successfully
2025-03-06 13:35:09,941 - INFO - Le script tourne toujours...
2025-03-06 13:40:09,942 - INFO - Le script tourne toujours...
2025-03-06 13:45:09,943 - INFO - Le script tourne toujours...
2025-03-06 13:50:09,944 - INFO - Le script tourne toujours...
2025-03-06 13:55:09,946 - INFO - Le script tourne toujours...
2025-03-06 14:00:09,947 - INFO - Le script tourne toujours...
2025-03-06 14:05:09,948 - INFO - Le script tourne toujours...
2025-03-06 14:10:09,949 - INFO - Le script tourne toujours...
2025-03-06 14:15:09,950 - INFO - Le script tourne toujours...
2025-03-06 14:20:09,950 - INFO - Le script tourne toujours...
2025-03-06 14:25:09,951 - INFO - Le script tourne toujours...
2025-03-06 14:30:09,952 - INFO - Le script tourne toujours...
2025-03-06 14:31:08,873 - INFO - Running job "main (trigger: interval[0:58:00], next run at: 2025-03-06 15:29:08 CET)" (scheduled at 2025-03-06 14:31:08.859874+01:00)
2025-03-06 14:31:27,839 - INFO - Job "main (trigger: interval[0:58:00], next run at: 2025-03-06 15:29:08 CET)" executed successfully
2025-03-06 14:35:09,953 - INFO - Le script tourne toujours...
2025-03-06 14:40:09,954 - INFO - Le script tourne toujours...
2025-03-06 14:45:09,954 - INFO - Le script tourne toujours...
2025-03-06 14:50:09,955 - INFO - Le script tourne toujours...
2025-03-06 14:55:09,956 - INFO - Le script tourne toujours...
2025-03-06 15:00:09,957 - INFO - Le script tourne toujours...
2025-03-06 15:05:09,959 - INFO - Le script tourne toujours...
2025-03-06 15:10:09,960 - INFO - Le script tourne toujours...
2025-03-06 15:15:09,960 - INFO - Le script tourne toujours...
2025-03-06 15:20:09,961 - INFO - Le script tourne toujours...
2025-03-06 15:25:09,962 - INFO - Le script tourne toujours...
2025-03-06 15:29:08,865 - INFO - Running job "main (trigger: interval[0:58:00], next run at: 2025-03-06 16:27:08 CET)" (scheduled at 2025-03-06 15:29:08.859874+01:00)
2025-03-06 15:29:29,911 - INFO - Job "main (trigger: interval[0:58:00], next run at: 2025-03-06 16:27:08 CET)" executed successfully
2025-03-06 15:30:09,963 - INFO - Le script tourne toujours...
2025-03-06 15:35:09,964 - INFO - Le script tourne toujours...
2025-03-06 15:40:09,965 - INFO - Le script tourne toujours...
2025-03-06 15:45:09,965 - INFO - Le script tourne toujours...
2025-03-06 15:50:09,966 - INFO - Le script tourne toujours...
2025-03-06 15:55:09,967 - INFO - Le script tourne toujours...
2025-03-06 16:00:09,968 - INFO - Le script tourne toujours...
2025-03-06 16:05:09,969 - INFO - Le script tourne toujours...
2025-03-06 16:10:09,970 - INFO - Le script tourne toujours...
2025-03-06 16:15:09,971 - INFO - Le script tourne toujours...
2025-03-06 16:20:09,972 - INFO - Le script tourne toujours...
2025-03-06 16:25:09,973 - INFO - Le script tourne toujours...
2025-03-06 16:27:08,867 - INFO - Running job "main (trigger: interval[0:58:00], next run at: 2025-03-06 17:25:08 CET)" (scheduled at 2025-03-06 16:27:08.859874+01:00)
2025-03-06 16:27:30,561 - INFO - Job "main (trigger: interval[0:58:00], next run at: 2025-03-06 17:25:08 CET)" executed successfully
2025-03-06 16:30:09,974 - INFO - Le script tourne toujours...
2025-03-06 16:35:09,975 - INFO - Le script tourne toujours...
2025-03-06 16:40:09,976 - INFO - Le script tourne toujours...
2025-03-06 16:45:09,977 - INFO - Le script tourne toujours...
2025-03-06 16:50:09,978 - INFO - Le script tourne toujours...
2025-03-06 16:55:09,979 - INFO - Le script tourne toujours...
2025-03-06 17:00:09,979 - INFO - Le script tourne toujours...
2025-03-06 17:05:09,981 - INFO - Le script tourne toujours...
2025-03-06 17:10:09,982 - INFO - Le script tourne toujours...
2025-03-06 17:15:09,983 - INFO - Le script tourne toujours...
2025-03-06 17:20:09,984 - INFO - Le script tourne toujours...
2025-03-06 17:25:08,874 - INFO - Running job "main (trigger: interval[0:58:00], next run at: 2025-03-06 18:23:08 CET)" (scheduled at 2025-03-06 17:25:08.859874+01:00)
2025-03-06 17:25:09,985 - INFO - Le script tourne toujours...
2025-03-06 17:25:27,680 - INFO - Job "main (trigger: interval[0:58:00], next run at: 2025-03-06 18:23:08 CET)" executed successfully
2025-03-06 17:30:09,986 - INFO - Le script tourne toujours...
2025-03-06 17:35:09,987 - INFO - Le script tourne toujours...
2025-03-06 17:40:09,988 - INFO - Le script tourne toujours...
2025-03-06 17:45:09,989 - INFO - Le script tourne toujours...
2025-03-06 17:50:09,990 - INFO - Le script tourne toujours...
2025-03-06 17:55:09,991 - INFO - Le script tourne toujours...
2025-03-06 18:00:09,992 - INFO - Le script tourne toujours...
2025-03-06 18:05:09,993 - INFO - Le script tourne toujours...
2025-03-06 18:10:09,994 - INFO - Le script tourne toujours...
2025-03-06 18:15:09,995 - INFO - Le script tourne toujours...
2025-03-06 18:20:09,996 - INFO - Le script tourne toujours...
2025-03-06 18:23:08,863 - INFO - Running job "main (trigger: interval[0:58:00], next run at: 2025-03-06 19:21:08 CET)" (scheduled at 2025-03-06 18:23:08.859874+01:00)
2025-03-06 18:25:09,998 - INFO - Le script tourne toujours...
2025-03-06 18:29:25,663 - INFO - Job "main (trigger: interval[0:58:00], next run at: 2025-03-06 19:21:08 CET)" executed successfully
2025-03-06 18:30:09,998 - INFO - Le script tourne toujours...
2025-03-06 18:35:10,000 - INFO - Le script tourne toujours...
2025-03-06 18:40:10,004 - INFO - Le script tourne toujours...
2025-03-06 18:45:10,005 - INFO - Le script tourne toujours...
2025-03-06 18:50:10,005 - INFO - Le script tourne toujours...
2025-03-06 18:55:10,006 - INFO - Le script tourne toujours...
2025-03-06 19:00:10,007 - INFO - Le script tourne toujours...
2025-03-06 19:05:10,008 - INFO - Le script tourne toujours...
2025-03-06 19:10:10,009 - INFO - Le script tourne toujours...
2025-03-06 19:15:10,011 - INFO - Le script tourne toujours...
2025-03-06 19:20:10,012 - INFO - Le script tourne toujours...
2025-03-06 19:21:08,864 - INFO - Running job "main (trigger: interval[0:58:00], next run at: 2025-03-06 20:19:08 CET)" (scheduled at 2025-03-06 19:21:08.859874+01:00)
2025-03-06 19:21:29,896 - INFO - Job "main (trigger: interval[0:58:00], next run at: 2025-03-06 20:19:08 CET)" executed successfully
2025-03-06 19:25:10,013 - INFO - Le script tourne toujours...
2025-03-06 19:30:10,013 - INFO - Le script tourne toujours...
2025-03-06 19:35:10,014 - INFO - Le script tourne toujours...
2025-03-06 19:40:10,014 - INFO - Le script tourne toujours...
2025-03-06 19:45:10,015 - INFO - Le script tourne toujours...
2025-03-06 19:50:10,016 - INFO - Le script tourne toujours...
2025-03-06 19:55:10,017 - INFO - Le script tourne toujours...
2025-03-06 20:00:10,018 - INFO - Le script tourne toujours...
2025-03-06 20:05:10,019 - INFO - Le script tourne toujours...
2025-03-06 20:10:10,020 - INFO - Le script tourne toujours...
2025-03-06 20:15:10,021 - INFO - Le script tourne toujours...
2025-03-06 20:19:08,862 - INFO - Running job "main (trigger: interval[0:58:00], next run at: 2025-03-06 21:17:08 CET)" (scheduled at 2025-03-06 20:19:08.859874+01:00)
2025-03-06 20:19:27,047 - INFO - Job "main (trigger: interval[0:58:00], next run at: 2025-03-06 21:17:08 CET)" executed successfully
2025-03-06 20:20:10,021 - INFO - Le script tourne toujours...
2025-03-06 20:25:10,023 - INFO - Le script tourne toujours...
2025-03-06 20:30:10,024 - INFO - Le script tourne toujours...
2025-03-06 20:35:10,024 - INFO - Le script tourne toujours...
2025-03-06 20:40:10,025 - INFO - Le script tourne toujours...
2025-03-06 20:45:10,026 - INFO - Le script tourne toujours...
2025-03-06 20:50:10,027 - INFO - Le script tourne toujours...
2025-03-06 20:55:10,027 - INFO - Le script tourne toujours...
2025-03-06 21:00:10,029 - INFO - Le script tourne toujours...
2025-03-06 21:05:10,030 - INFO - Le script tourne toujours...
2025-03-06 21:10:10,031 - INFO - Le script tourne toujours...
2025-03-06 21:15:10,032 - INFO - Le script tourne toujours...
2025-03-06 21:17:08,872 - INFO - Running job "main (trigger: interval[0:58:00], next run at: 2025-03-06 22:15:08 CET)" (scheduled at 2025-03-06 21:17:08.859874+01:00)
2025-03-06 21:17:26,810 - INFO - Job "main (trigger: interval[0:58:00], next run at: 2025-03-06 22:15:08 CET)" executed successfully
2025-03-06 21:20:10,033 - INFO - Le script tourne toujours...
2025-03-06 21:25:10,034 - INFO - Le script tourne toujours...
2025-03-06 21:30:10,036 - INFO - Le script tourne toujours...
2025-03-06 21:35:10,037 - INFO - Le script tourne toujours...
2025-03-06 21:40:10,038 - INFO - Le script tourne toujours...
2025-03-06 21:45:10,039 - INFO - Le script tourne toujours...
2025-03-06 21:50:10,040 - INFO - Le script tourne toujours...
2025-03-06 21:55:10,041 - INFO - Le script tourne toujours...
2025-03-06 22:00:10,042 - INFO - Le script tourne toujours...
2025-03-06 22:05:10,043 - INFO - Le script tourne toujours...
2025-03-06 22:10:10,044 - INFO - Le script tourne toujours...
2025-03-06 22:15:08,865 - INFO - Running job "main (trigger: interval[0:58:00], next run at: 2025-03-06 23:13:08 CET)" (scheduled at 2025-03-06 22:15:08.859874+01:00)
2025-03-06 22:15:10,045 - INFO - Le script tourne toujours...
2025-03-06 22:15:26,484 - INFO - Job "main (trigger: interval[0:58:00], next run at: 2025-03-06 23:13:08 CET)" executed successfully
2025-03-06 22:20:10,046 - INFO - Le script tourne toujours...
2025-03-06 22:25:10,047 - INFO - Le script tourne toujours...
2025-03-06 22:30:10,049 - INFO - Le script tourne toujours...
2025-03-06 22:35:10,050 - INFO - Le script tourne toujours...
2025-03-06 22:40:10,050 - INFO - Le script tourne toujours...
2025-03-06 22:45:10,052 - INFO - Le script tourne toujours...
2025-03-06 22:50:10,053 - INFO - Le script tourne toujours...
2025-03-06 22:55:10,054 - INFO - Le script tourne toujours...
2025-03-06 23:00:10,055 - INFO - Le script tourne toujours...
2025-03-06 23:05:10,056 - INFO - Le script tourne toujours...
2025-03-06 23:10:10,056 - INFO - Le script tourne toujours...
2025-03-06 23:13:08,865 - INFO - Running job "main (trigger: interval[0:58:00], next run at: 2025-03-07 00:11:08 CET)" (scheduled at 2025-03-06 23:13:08.859874+01:00)
2025-03-06 23:13:30,335 - INFO - Job "main (trigger: interval[0:58:00], next run at: 2025-03-07 00:11:08 CET)" executed successfully
2025-03-06 23:15:10,058 - INFO - Le script tourne toujours...
2025-03-06 23:20:10,059 - INFO - Le script tourne toujours...
2025-03-06 23:25:10,060 - INFO - Le script tourne toujours...
2025-03-06 23:30:10,061 - INFO - Le script tourne toujours...
2025-03-06 23:35:10,062 - INFO - Le script tourne toujours...
2025-03-06 23:40:10,063 - INFO - Le script tourne toujours...
2025-03-06 23:45:10,064 - INFO - Le script tourne toujours...
2025-03-06 23:50:10,065 - INFO - Le script tourne toujours...
2025-03-06 23:55:10,067 - INFO - Le script tourne toujours...
2025-03-07 00:00:10,069 - INFO - Le script tourne toujours...
2025-03-07 00:05:10,070 - INFO - Le script tourne toujours...
2025-03-07 00:10:10,072 - INFO - Le script tourne toujours...
2025-03-07 00:11:08,861 - INFO - Running job "main (trigger: interval[0:58:00], next run at: 2025-03-07 01:09:08 CET)" (scheduled at 2025-03-07 00:11:08.859874+01:00)
2025-03-07 00:11:26,926 - INFO - Job "main (trigger: interval[0:58:00], next run at: 2025-03-07 01:09:08 CET)" executed successfully
2025-03-07 00:15:10,073 - INFO - Le script tourne toujours...
2025-03-07 00:20:10,074 - INFO - Le script tourne toujours...
2025-03-07 00:25:10,076 - INFO - Le script tourne toujours...
2025-03-07 00:30:10,077 - INFO - Le script tourne toujours...
2025-03-07 00:35:10,077 - INFO - Le script tourne toujours...
2025-03-07 00:40:10,078 - INFO - Le script tourne toujours...
2025-03-07 00:45:10,080 - INFO - Le script tourne toujours...
2025-03-07 00:50:10,081 - INFO - Le script tourne toujours...
2025-03-07 00:55:10,082 - INFO - Le script tourne toujours...
2025-03-07 01:00:10,082 - INFO - Le script tourne toujours...
2025-03-07 01:05:10,084 - INFO - Le script tourne toujours...
2025-03-07 01:09:08,866 - INFO - Running job "main (trigger: interval[0:58:00], next run at: 2025-03-07 02:07:08 CET)" (scheduled at 2025-03-07 01:09:08.859874+01:00)
2025-03-07 01:09:28,042 - INFO - Job "main (trigger: interval[0:58:00], next run at: 2025-03-07 02:07:08 CET)" executed successfully
2025-03-07 01:10:10,085 - INFO - Le script tourne toujours...
2025-03-07 01:15:10,085 - INFO - Le script tourne toujours...
2025-03-07 01:20:10,086 - INFO - Le script tourne toujours...
2025-03-07 01:25:10,087 - INFO - Le script tourne toujours...
2025-03-07 01:30:10,089 - INFO - Le script tourne toujours...
2025-03-07 01:35:10,090 - INFO - Le script tourne toujours...
2025-03-07 01:40:10,091 - INFO - Le script tourne toujours...
2025-03-07 01:45:10,092 - INFO - Le script tourne toujours...
2025-03-07 01:50:10,093 - INFO - Le script tourne toujours...
2025-03-07 01:55:10,094 - INFO - Le script tourne toujours...
2025-03-07 02:00:10,095 - INFO - Le script tourne toujours...
2025-03-07 02:05:10,096 - INFO - Le script tourne toujours...
2025-03-07 02:07:08,870 - INFO - Running job "main (trigger: interval[0:58:00], next run at: 2025-03-07 03:05:08 CET)" (scheduled at 2025-03-07 02:07:08.859874+01:00)
2025-03-07 02:07:26,035 - INFO - Job "main (trigger: interval[0:58:00], next run at: 2025-03-07 03:05:08 CET)" executed successfully
2025-03-07 02:10:10,097 - INFO - Le script tourne toujours...
2025-03-07 02:15:10,098 - INFO - Le script tourne toujours...
2025-03-07 02:20:10,099 - INFO - Le script tourne toujours...
2025-03-07 02:25:10,100 - INFO - Le script tourne toujours...
2025-03-07 02:30:10,101 - INFO - Le script tourne toujours...
2025-03-07 02:35:10,103 - INFO - Le script tourne toujours...
2025-03-07 02:40:10,104 - INFO - Le script tourne toujours...
2025-03-07 02:45:10,104 - INFO - Le script tourne toujours...
2025-03-07 02:50:10,105 - INFO - Le script tourne toujours...
2025-03-07 02:55:10,107 - INFO - Le script tourne toujours...
2025-03-07 03:00:10,107 - INFO - Le script tourne toujours...
2025-03-07 03:05:08,869 - INFO - Running job "main (trigger: interval[0:58:00], next run at: 2025-03-07 04:03:08 CET)" (scheduled at 2025-03-07 03:05:08.859874+01:00)
2025-03-07 03:05:10,108 - INFO - Le script tourne toujours...
2025-03-07 03:05:26,197 - INFO - Job "main (trigger: interval[0:58:00], next run at: 2025-03-07 04:03:08 CET)" executed successfully
2025-03-07 03:10:10,109 - INFO - Le script tourne toujours...
2025-03-07 03:15:10,110 - INFO - Le script tourne toujours...
2025-03-07 03:20:10,111 - INFO - Le script tourne toujours...
2025-03-07 03:25:10,112 - INFO - Le script tourne toujours...
2025-03-07 03:30:10,113 - INFO - Le script tourne toujours...
2025-03-07 03:35:10,113 - INFO - Le script tourne toujours...
2025-03-07 03:40:10,115 - INFO - Le script tourne toujours...
2025-03-07 03:45:10,116 - INFO - Le script tourne toujours...
2025-03-07 03:50:10,116 - INFO - Le script tourne toujours...
2025-03-07 03:55:10,118 - INFO - Le script tourne toujours...
2025-03-07 04:00:10,118 - INFO - Le script tourne toujours...
2025-03-07 04:03:08,864 - INFO - Running job "main (trigger: interval[0:58:00], next run at: 2025-03-07 05:01:08 CET)" (scheduled at 2025-03-07 04:03:08.859874+01:00)
2025-03-07 04:04:10,557 - INFO - Job "main (trigger: interval[0:58:00], next run at: 2025-03-07 05:01:08 CET)" executed successfully
2025-03-07 04:05:10,119 - INFO - Le script tourne toujours...
2025-03-07 04:10:10,121 - INFO - Le script tourne toujours...
2025-03-07 04:15:10,122 - INFO - Le script tourne toujours...
2025-03-07 04:20:10,122 - INFO - Le script tourne toujours...
2025-03-07 04:25:10,123 - INFO - Le script tourne toujours...
2025-03-07 04:30:10,125 - INFO - Le script tourne toujours...
2025-03-07 04:35:10,126 - INFO - Le script tourne toujours...
2025-03-07 04:40:10,127 - INFO - Le script tourne toujours...
2025-03-07 04:45:10,128 - INFO - Le script tourne toujours...
2025-03-07 04:50:10,129 - INFO - Le script tourne toujours...
2025-03-07 04:55:10,130 - INFO - Le script tourne toujours...
2025-03-07 05:00:10,132 - INFO - Le script tourne toujours...
2025-03-07 05:01:08,869 - INFO - Running job "main (trigger: interval[0:58:00], next run at: 2025-03-07 05:59:08 CET)" (scheduled at 2025-03-07 05:01:08.859874+01:00)
2025-03-07 05:01:25,594 - INFO - Job "main (trigger: interval[0:58:00], next run at: 2025-03-07 05:59:08 CET)" executed successfully
2025-03-07 05:05:10,132 - INFO - Le script tourne toujours...
2025-03-07 05:10:10,133 - INFO - Le script tourne toujours...
2025-03-07 05:15:10,134 - INFO - Le script tourne toujours...
2025-03-07 05:20:10,135 - INFO - Le script tourne toujours...
2025-03-07 05:25:10,136 - INFO - Le script tourne toujours...
2025-03-07 05:30:10,137 - INFO - Le script tourne toujours...
2025-03-07 05:35:10,138 - INFO - Le script tourne toujours...
2025-03-07 05:40:10,139 - INFO - Le script tourne toujours...
2025-03-07 05:45:10,140 - INFO - Le script tourne toujours...
2025-03-07 05:50:10,141 - INFO - Le script tourne toujours...
2025-03-07 05:55:10,142 - INFO - Le script tourne toujours...
2025-03-07 05:59:08,863 - INFO - Running job "main (trigger: interval[0:58:00], next run at: 2025-03-07 06:57:08 CET)" (scheduled at 2025-03-07 05:59:08.859874+01:00)
2025-03-07 05:59:28,686 - INFO - Job "main (trigger: interval[0:58:00], next run at: 2025-03-07 06:57:08 CET)" executed successfully
2025-03-07 06:00:10,143 - INFO - Le script tourne toujours...
2025-03-07 06:05:10,144 - INFO - Le script tourne toujours...
2025-03-07 06:10:10,145 - INFO - Le script tourne toujours...
2025-03-07 06:15:10,146 - INFO - Le script tourne toujours...
2025-03-07 06:20:10,147 - INFO - Le script tourne toujours...
2025-03-07 06:25:10,148 - INFO - Le script tourne toujours...
2025-03-07 06:30:10,149 - INFO - Le script tourne toujours...
2025-03-07 06:35:10,149 - INFO - Le script tourne toujours...
2025-03-07 06:40:10,150 - INFO - Le script tourne toujours...
2025-03-07 06:45:10,152 - INFO - Le script tourne toujours...
2025-03-07 06:50:10,152 - INFO - Le script tourne toujours...
2025-03-07 06:55:10,154 - INFO - Le script tourne toujours...
2025-03-07 06:57:08,865 - INFO - Running job "main (trigger: interval[0:58:00], next run at: 2025-03-07 07:55:08 CET)" (scheduled at 2025-03-07 06:57:08.859874+01:00)
2025-03-07 06:57:26,860 - INFO - Job "main (trigger: interval[0:58:00], next run at: 2025-03-07 07:55:08 CET)" executed successfully
2025-03-07 07:00:10,155 - INFO - Le script tourne toujours...
2025-03-07 07:05:10,156 - INFO - Le script tourne toujours...
2025-03-07 07:10:10,157 - INFO - Le script tourne toujours...
2025-03-07 07:15:10,158 - INFO - Le script tourne toujours...
2025-03-07 07:20:10,159 - INFO - Le script tourne toujours...
2025-03-07 07:25:10,160 - INFO - Le script tourne toujours...
2025-03-07 07:30:10,161 - INFO - Le script tourne toujours...
2025-03-07 07:35:10,163 - INFO - Le script tourne toujours...
2025-03-07 07:40:10,163 - INFO - Le script tourne toujours...
2025-03-07 07:45:10,173 - INFO - Le script tourne toujours...
2025-03-07 07:50:10,174 - INFO - Le script tourne toujours...
2025-03-07 07:55:08,871 - INFO - Running job "main (trigger: interval[0:58:00], next run at: 2025-03-07 08:53:08 CET)" (scheduled at 2025-03-07 07:55:08.859874+01:00)
2025-03-07 07:55:10,175 - INFO - Le script tourne toujours...
2025-03-07 07:55:26,734 - INFO - Job "main (trigger: interval[0:58:00], next run at: 2025-03-07 08:53:08 CET)" executed successfully
2025-03-07 08:00:10,176 - INFO - Le script tourne toujours...
2025-03-07 08:05:10,177 - INFO - Le script tourne toujours...
2025-03-07 08:10:10,178 - INFO - Le script tourne toujours...
2025-03-07 08:15:10,180 - INFO - Le script tourne toujours...
2025-03-07 08:20:10,181 - INFO - Le script tourne toujours...
2025-03-07 08:25:10,182 - INFO - Le script tourne toujours...
2025-03-07 08:30:10,184 - INFO - Le script tourne toujours...
2025-03-07 08:35:10,185 - INFO - Le script tourne toujours...
2025-03-07 08:40:10,186 - INFO - Le script tourne toujours...
2025-03-07 08:45:10,187 - INFO - Le script tourne toujours...
2025-03-07 08:50:10,188 - INFO - Le script tourne toujours...
2025-03-07 08:53:08,871 - INFO - Running job "main (trigger: interval[0:58:00], next run at: 2025-03-07 09:51:08 CET)" (scheduled at 2025-03-07 08:53:08.859874+01:00)
2025-03-07 08:53:26,441 - INFO - Job "main (trigger: interval[0:58:00], next run at: 2025-03-07 09:51:08 CET)" executed successfully
2025-03-07 08:55:10,189 - INFO - Le script tourne toujours...
2025-03-07 09:00:10,190 - INFO - Le script tourne toujours...
2025-03-07 09:05:10,191 - INFO - Le script tourne toujours...
2025-03-07 09:10:10,192 - INFO - Le script tourne toujours...
2025-03-07 09:15:10,193 - INFO - Le script tourne toujours...
2025-03-07 09:20:10,194 - INFO - Le script tourne toujours...
2025-03-07 09:25:10,194 - INFO - Le script tourne toujours...
2025-03-07 09:30:10,195 - INFO - Le script tourne toujours...
2025-03-07 09:35:10,197 - INFO - Le script tourne toujours...
2025-03-07 09:40:10,197 - INFO - Le script tourne toujours...
2025-03-07 09:45:10,198 - INFO - Le script tourne toujours...
2025-03-07 09:50:10,200 - INFO - Le script tourne toujours...
2025-03-07 09:51:08,871 - INFO - Running job "main (trigger: interval[0:58:00], next run at: 2025-03-07 10:49:08 CET)" (scheduled at 2025-03-07 09:51:08.859874+01:00)
2025-03-07 09:51:29,020 - INFO - Job "main (trigger: interval[0:58:00], next run at: 2025-03-07 10:49:08 CET)" executed successfully
2025-03-07 09:55:10,202 - INFO - Le script tourne toujours...
2025-03-07 10:00:10,203 - INFO - Le script tourne toujours...
2025-03-07 10:05:10,205 - INFO - Le script tourne toujours...
2025-03-07 10:10:10,206 - INFO - Le script tourne toujours...
2025-03-07 10:15:10,206 - INFO - Le script tourne toujours...
2025-03-07 10:20:10,207 - INFO - Le script tourne toujours...
2025-03-07 10:25:10,208 - INFO - Le script tourne toujours...
2025-03-07 10:30:10,209 - INFO - Le script tourne toujours...
2025-03-07 10:35:10,210 - INFO - Le script tourne toujours...
2025-03-07 10:40:10,211 - INFO - Le script tourne toujours...
2025-03-07 10:45:10,212 - INFO - Le script tourne toujours...
2025-03-07 10:49:08,866 - INFO - Running job "main (trigger: interval[0:58:00], next run at: 2025-03-07 11:47:08 CET)" (scheduled at 2025-03-07 10:49:08.859874+01:00)
2025-03-07 10:49:27,238 - INFO - Job "main (trigger: interval[0:58:00], next run at: 2025-03-07 11:47:08 CET)" executed successfully
2025-03-07 10:50:10,213 - INFO - Le script tourne toujours...
2025-03-07 10:55:10,215 - INFO - Le script tourne toujours...
2025-03-07 11:00:10,215 - INFO - Le script tourne toujours...
2025-03-07 11:05:10,216 - INFO - Le script tourne toujours...
2025-03-07 11:10:10,218 - INFO - Le script tourne toujours...
2025-03-07 11:15:10,218 - INFO - Le script tourne toujours...
2025-03-07 11:20:10,219 - INFO - Le script tourne toujours...
2025-03-07 11:25:10,220 - INFO - Le script tourne toujours...
2025-03-07 11:30:10,221 - INFO - Le script tourne toujours...
2025-03-07 11:35:10,222 - INFO - Le script tourne toujours...
2025-03-07 11:40:10,224 - INFO - Le script tourne toujours...
2025-03-07 11:45:10,225 - INFO - Le script tourne toujours...
2025-03-07 11:47:08,870 - INFO - Running job "main (trigger: interval[0:58:00], next run at: 2025-03-07 12:45:08 CET)" (scheduled at 2025-03-07 11:47:08.859874+01:00)
2025-03-07 11:47:28,056 - INFO - Job "main (trigger: interval[0:58:00], next run at: 2025-03-07 12:45:08 CET)" executed successfully
2025-03-07 11:50:10,227 - INFO - Le script tourne toujours...
2025-03-07 11:55:10,228 - INFO - Le script tourne toujours...
2025-03-07 12:00:10,229 - INFO - Le script tourne toujours...
2025-03-07 12:05:10,230 - INFO - Le script tourne toujours...
2025-03-07 12:10:10,231 - INFO - Le script tourne toujours...
2025-03-07 12:15:10,231 - INFO - Le script tourne toujours...
2025-03-07 12:20:10,233 - INFO - Le script tourne toujours...
2025-03-07 12:25:10,234 - INFO - Le script tourne toujours...
2025-03-07 12:30:10,234 - INFO - Le script tourne toujours...
2025-03-07 12:35:10,236 - INFO - Le script tourne toujours...
2025-03-07 12:40:10,236 - INFO - Le script tourne toujours...
2025-03-07 12:45:08,860 - INFO - Running job "main (trigger: interval[0:58:00], next run at: 2025-03-07 13:43:08 CET)" (scheduled at 2025-03-07 12:45:08.859874+01:00)
2025-03-07 12:45:10,237 - INFO - Le script tourne toujours...
2025-03-07 12:45:40,123 - INFO - Job "main (trigger: interval[0:58:00], next run at: 2025-03-07 13:43:08 CET)" executed successfully
2025-03-07 12:50:10,239 - INFO - Le script tourne toujours...
2025-03-07 12:55:10,240 - INFO - Le script tourne toujours...
2025-03-07 13:00:10,241 - INFO - Le script tourne toujours...
2025-03-07 13:05:10,242 - INFO - Le script tourne toujours...
2025-03-07 13:10:10,243 - INFO - Le script tourne toujours...
2025-03-07 13:15:10,245 - INFO - Le script tourne toujours...
2025-03-07 13:20:10,246 - INFO - Le script tourne toujours...
2025-03-07 13:25:10,246 - INFO - Le script tourne toujours...
2025-03-07 13:30:10,248 - INFO - Le script tourne toujours...
2025-03-07 13:35:10,248 - INFO - Le script tourne toujours...
2025-03-07 13:40:10,249 - INFO - Le script tourne toujours...
2025-03-07 13:43:08,871 - INFO - Running job "main (trigger: interval[0:58:00], next run at: 2025-03-07 14:41:08 CET)" (scheduled at 2025-03-07 13:43:08.859874+01:00)
2025-03-07 13:43:27,021 - INFO - Job "main (trigger: interval[0:58:00], next run at: 2025-03-07 14:41:08 CET)" executed successfully
2025-03-07 13:45:10,250 - INFO - Le script tourne toujours...
2025-03-07 13:50:10,251 - INFO - Le script tourne toujours...
2025-03-07 13:55:10,252 - INFO - Le script tourne toujours...
2025-03-07 14:00:10,253 - INFO - Le script tourne toujours...
2025-03-07 14:05:10,254 - INFO - Le script tourne toujours...
2025-03-07 14:10:10,255 - INFO - Le script tourne toujours...
2025-03-07 14:15:10,256 - INFO - Le script tourne toujours...
2025-03-07 14:20:10,257 - INFO - Le script tourne toujours...
2025-03-07 14:25:10,258 - INFO - Le script tourne toujours...
2025-03-07 14:30:10,259 - INFO - Le script tourne toujours...
2025-03-07 14:35:10,260 - INFO - Le script tourne toujours...
2025-03-07 14:40:10,261 - INFO - Le script tourne toujours...
2025-03-07 14:41:08,870 - INFO - Running job "main (trigger: interval[0:58:00], next run at: 2025-03-07 15:39:08 CET)" (scheduled at 2025-03-07 14:41:08.859874+01:00)
2025-03-07 14:41:27,427 - INFO - Job "main (trigger: interval[0:58:00], next run at: 2025-03-07 15:39:08 CET)" executed successfully
2025-03-07 14:45:10,261 - INFO - Le script tourne toujours...
2025-03-07 14:50:10,262 - INFO - Le script tourne toujours...
2025-03-07 14:55:10,263 - INFO - Le script tourne toujours...
2025-03-07 15:00:10,264 - INFO - Le script tourne toujours...
2025-03-07 15:05:10,264 - INFO - Le script tourne toujours...
2025-03-07 15:10:10,265 - INFO - Le script tourne toujours...
2025-03-07 15:15:10,267 - INFO - Le script tourne toujours...
2025-03-07 15:20:10,268 - INFO - Le script tourne toujours...
2025-03-07 15:25:10,269 - INFO - Le script tourne toujours...
2025-03-07 15:30:10,270 - INFO - Le script tourne toujours...
2025-03-07 15:35:10,271 - INFO - Le script tourne toujours...
2025-03-07 15:39:08,871 - INFO - Running job "main (trigger: interval[0:58:00], next run at: 2025-03-07 16:37:08 CET)" (scheduled at 2025-03-07 15:39:08.859874+01:00)
2025-03-07 15:39:29,041 - INFO - Job "main (trigger: interval[0:58:00], next run at: 2025-03-07 16:37:08 CET)" executed successfully
2025-03-07 15:40:10,272 - INFO - Le script tourne toujours...
2025-03-07 15:45:10,272 - INFO - Le script tourne toujours...
2025-03-07 15:50:10,274 - INFO - Le script tourne toujours...
2025-03-07 15:55:10,274 - INFO - Le script tourne toujours...
2025-03-07 16:00:10,276 - INFO - Le script tourne toujours...
2025-03-07 16:05:10,277 - INFO - Le script tourne toujours...
2025-03-07 16:10:10,278 - INFO - Le script tourne toujours...
2025-03-07 16:15:10,285 - INFO - Le script tourne toujours...
2025-03-07 16:20:10,286 - INFO - Le script tourne toujours...
2025-03-07 16:25:10,286 - INFO - Le script tourne toujours...
2025-03-07 16:30:10,287 - INFO - Le script tourne toujours...
2025-03-07 16:35:10,288 - INFO - Le script tourne toujours...
2025-03-07 16:37:08,873 - INFO - Running job "main (trigger: interval[0:58:00], next run at: 2025-03-07 17:35:08 CET)" (scheduled at 2025-03-07 16:37:08.859874+01:00)
2025-03-07 16:37:28,061 - INFO - Job "main (trigger: interval[0:58:00], next run at: 2025-03-07 17:35:08 CET)" executed successfully
2025-03-07 16:40:10,289 - INFO - Le script tourne toujours...
2025-03-07 16:45:10,290 - INFO - Le script tourne toujours...
2025-03-07 16:50:10,290 - INFO - Le script tourne toujours...
2025-03-07 16:55:10,292 - INFO - Le script tourne toujours...
2025-03-07 17:00:10,292 - INFO - Le script tourne toujours...
2025-03-07 17:05:10,294 - INFO - Le script tourne toujours...
2025-03-07 17:10:10,295 - INFO - Le script tourne toujours...
2025-03-07 17:15:10,296 - INFO - Le script tourne toujours...
2025-03-07 17:20:10,297 - INFO - Le script tourne toujours...
2025-03-07 17:25:10,298 - INFO - Le script tourne toujours...
2025-03-07 17:30:10,300 - INFO - Le script tourne toujours...
2025-03-07 17:35:08,874 - INFO - Running job "main (trigger: interval[0:58:00], next run at: 2025-03-07 18:33:08 CET)" (scheduled at 2025-03-07 17:35:08.859874+01:00)
2025-03-07 17:35:10,300 - INFO - Le script tourne toujours...
2025-03-07 17:35:28,557 - INFO - Job "main (trigger: interval[0:58:00], next run at: 2025-03-07 18:33:08 CET)" executed successfully
2025-03-07 17:40:10,302 - INFO - Le script tourne toujours...
2025-03-07 17:45:10,303 - INFO - Le script tourne toujours...
2025-03-07 17:50:10,303 - INFO - Le script tourne toujours...
2025-03-07 17:55:10,304 - INFO - Le script tourne toujours...
2025-03-07 18:00:10,306 - INFO - Le script tourne toujours...
2025-03-07 18:05:10,307 - INFO - Le script tourne toujours...
2025-03-07 18:10:10,308 - INFO - Le script tourne toujours...
2025-03-07 18:15:10,309 - INFO - Le script tourne toujours...
2025-03-07 18:20:10,310 - INFO - Le script tourne toujours...
2025-03-07 18:25:10,311 - INFO - Le script tourne toujours...
2025-03-07 18:30:10,312 - INFO - Le script tourne toujours...
2025-03-07 18:33:08,869 - INFO - Running job "main (trigger: interval[0:58:00], next run at: 2025-03-07 19:31:08 CET)" (scheduled at 2025-03-07 18:33:08.859874+01:00)
2025-03-07 18:33:27,328 - INFO - Job "main (trigger: interval[0:58:00], next run at: 2025-03-07 19:31:08 CET)" executed successfully
2025-03-07 18:35:10,314 - INFO - Le script tourne toujours...
2025-03-07 18:40:10,315 - INFO - Le script tourne toujours...
2025-03-07 18:45:10,316 - INFO - Le script tourne toujours...
2025-03-07 18:50:10,317 - INFO - Le script tourne toujours...
2025-03-07 18:55:10,318 - INFO - Le script tourne toujours...
2025-03-07 19:00:10,318 - INFO - Le script tourne toujours...
2025-03-07 19:05:10,319 - INFO - Le script tourne toujours...
2025-03-07 19:10:10,320 - INFO - Le script tourne toujours...
2025-03-07 19:15:10,321 - INFO - Le script tourne toujours...
2025-03-07 19:20:10,322 - INFO - Le script tourne toujours...
2025-03-07 19:25:10,323 - INFO - Le script tourne toujours...
2025-03-07 19:30:10,324 - INFO - Le script tourne toujours...
2025-03-07 19:31:08,863 - INFO - Running job "main (trigger: interval[0:58:00], next run at: 2025-03-07 20:29:08 CET)" (scheduled at 2025-03-07 19:31:08.859874+01:00)
2025-03-07 19:31:28,903 - INFO - Job "main (trigger: interval[0:58:00], next run at: 2025-03-07 20:29:08 CET)" executed successfully
2025-03-07 19:35:10,325 - INFO - Le script tourne toujours...
2025-03-07 19:40:10,326 - INFO - Le script tourne toujours...
2025-03-07 19:45:10,327 - INFO - Le script tourne toujours...
2025-03-07 19:50:10,328 - INFO - Le script tourne toujours...
2025-03-07 19:55:10,330 - INFO - Le script tourne toujours...
2025-03-07 20:00:10,331 - INFO - Le script tourne toujours...
2025-03-07 20:05:10,332 - INFO - Le script tourne toujours...
2025-03-07 20:10:10,333 - INFO - Le script tourne toujours...
2025-03-07 20:15:10,335 - INFO - Le script tourne toujours...
2025-03-07 20:20:10,336 - INFO - Le script tourne toujours...
2025-03-07 20:25:10,337 - INFO - Le script tourne toujours...
2025-03-07 20:29:08,865 - INFO - Running job "main (trigger: interval[0:58:00], next run at: 2025-03-07 21:27:08 CET)" (scheduled at 2025-03-07 20:29:08.859874+01:00)
2025-03-07 20:29:28,959 - INFO - Job "main (trigger: interval[0:58:00], next run at: 2025-03-07 21:27:08 CET)" executed successfully
2025-03-07 20:30:10,337 - INFO - Le script tourne toujours...
2025-03-07 20:35:10,339 - INFO - Le script tourne toujours...
2025-03-07 20:40:10,340 - INFO - Le script tourne toujours...
2025-03-07 20:45:10,341 - INFO - Le script tourne toujours...
2025-03-07 20:50:10,341 - INFO - Le script tourne toujours...
2025-03-07 20:55:10,342 - INFO - Le script tourne toujours...
2025-03-07 21:00:10,344 - INFO - Le script tourne toujours...
2025-03-07 21:05:10,345 - INFO - Le script tourne toujours...
2025-03-07 21:10:10,346 - INFO - Le script tourne toujours...
2025-03-07 21:15:10,347 - INFO - Le script tourne toujours...
2025-03-07 21:20:10,348 - INFO - Le script tourne toujours...
2025-03-07 21:25:10,349 - INFO - Le script tourne toujours...
2025-03-07 21:27:08,862 - INFO - Running job "main (trigger: interval[0:58:00], next run at: 2025-03-07 22:25:08 CET)" (scheduled at 2025-03-07 21:27:08.859874+01:00)
2025-03-07 21:27:27,597 - INFO - Job "main (trigger: interval[0:58:00], next run at: 2025-03-07 22:25:08 CET)" executed successfully
2025-03-07 21:30:10,349 - INFO - Le script tourne toujours...
2025-03-07 21:35:10,350 - INFO - Le script tourne toujours...
2025-03-07 21:40:10,351 - INFO - Le script tourne toujours...
2025-03-07 21:45:10,352 - INFO - Le script tourne toujours...
2025-03-07 21:50:10,353 - INFO - Le script tourne toujours...
2025-03-07 21:55:10,354 - INFO - Le script tourne toujours...
2025-03-07 22:00:10,354 - INFO - Le script tourne toujours...
2025-03-07 22:05:10,355 - INFO - Le script tourne toujours...
2025-03-07 22:10:10,356 - INFO - Le script tourne toujours...
2025-03-07 22:15:10,357 - INFO - Le script tourne toujours...
2025-03-07 22:20:10,358 - INFO - Le script tourne toujours...
2025-03-07 22:25:08,877 - INFO - Running job "main (trigger: interval[0:58:00], next run at: 2025-03-07 23:23:08 CET)" (scheduled at 2025-03-07 22:25:08.859874+01:00)
2025-03-07 22:25:10,359 - INFO - Le script tourne toujours...
2025-03-07 22:25:27,870 - INFO - Job "main (trigger: interval[0:58:00], next run at: 2025-03-07 23:23:08 CET)" executed successfully
2025-03-07 22:30:10,360 - INFO - Le script tourne toujours...
2025-03-07 22:35:10,363 - INFO - Le script tourne toujours...
2025-03-07 22:40:10,365 - INFO - Le script tourne toujours...
2025-03-07 22:45:10,365 - INFO - Le script tourne toujours...
2025-03-07 22:50:10,367 - INFO - Le script tourne toujours...
2025-03-07 22:55:10,368 - INFO - Le script tourne toujours...
2025-03-07 23:00:10,370 - INFO - Le script tourne toujours...
2025-03-07 23:05:10,371 - INFO - Le script tourne toujours...
2025-03-07 23:10:10,372 - INFO - Le script tourne toujours...
2025-03-07 23:15:10,373 - INFO - Le script tourne toujours...
2025-03-07 23:20:10,375 - INFO - Le script tourne toujours...
2025-03-07 23:23:08,860 - INFO - Running job "main (trigger: interval[0:58:00], next run at: 2025-03-08 00:21:08 CET)" (scheduled at 2025-03-07 23:23:08.859874+01:00)
2025-03-07 23:23:27,970 - INFO - Job "main (trigger: interval[0:58:00], next run at: 2025-03-08 00:21:08 CET)" executed successfully
2025-03-07 23:25:10,376 - INFO - Le script tourne toujours...
2025-03-07 23:30:10,377 - INFO - Le script tourne toujours...
2025-03-07 23:35:10,378 - INFO - Le script tourne toujours...
2025-03-07 23:40:10,379 - INFO - Le script tourne toujours...
2025-03-07 23:45:10,379 - INFO - Le script tourne toujours...
2025-03-07 23:50:10,380 - INFO - Le script tourne toujours...
2025-03-07 23:55:10,381 - INFO - Le script tourne toujours...
2025-03-08 00:00:10,382 - INFO - Le script tourne toujours...
2025-03-08 00:05:10,384 - INFO - Le script tourne toujours...
2025-03-08 00:10:10,385 - INFO - Le script tourne toujours...
2025-03-08 00:15:10,386 - INFO - Le script tourne toujours...
2025-03-08 00:20:10,387 - INFO - Le script tourne toujours...
2025-03-08 00:21:08,861 - INFO - Running job "main (trigger: interval[0:58:00], next run at: 2025-03-08 01:19:08 CET)" (scheduled at 2025-03-08 00:21:08.859874+01:00)
2025-03-08 00:21:28,064 - INFO - Job "main (trigger: interval[0:58:00], next run at: 2025-03-08 01:19:08 CET)" executed successfully
2025-03-08 00:25:10,388 - INFO - Le script tourne toujours...
2025-03-08 00:30:10,389 - INFO - Le script tourne toujours...
2025-03-08 00:35:10,390 - INFO - Le script tourne toujours...
2025-03-08 00:40:10,391 - INFO - Le script tourne toujours...
2025-03-08 00:45:10,392 - INFO - Le script tourne toujours...
2025-03-08 00:50:10,393 - INFO - Le script tourne toujours...
2025-03-08 00:55:10,394 - INFO - Le script tourne toujours...
2025-03-08 01:00:10,395 - INFO - Le script tourne toujours...
2025-03-08 01:05:10,396 - INFO - Le script tourne toujours...
2025-03-08 01:10:10,397 - INFO - Le script tourne toujours...
2025-03-08 01:15:10,398 - INFO - Le script tourne toujours...
2025-03-08 01:19:08,868 - INFO - Running job "main (trigger: interval[0:58:00], next run at: 2025-03-08 02:17:08 CET)" (scheduled at 2025-03-08 01:19:08.859874+01:00)
2025-03-08 01:19:27,289 - INFO - Job "main (trigger: interval[0:58:00], next run at: 2025-03-08 02:17:08 CET)" executed successfully
2025-03-08 01:20:10,399 - INFO - Le script tourne toujours...
2025-03-08 01:25:10,400 - INFO - Le script tourne toujours...
2025-03-08 01:30:10,401 - INFO - Le script tourne toujours...
2025-03-08 01:35:10,402 - INFO - Le script tourne toujours...
2025-03-08 01:40:10,403 - INFO - Le script tourne toujours...
2025-03-08 01:45:10,404 - INFO - Le script tourne toujours...
2025-03-08 01:50:10,405 - INFO - Le script tourne toujours...
2025-03-08 01:55:10,406 - INFO - Le script tourne toujours...
2025-03-08 02:00:10,408 - INFO - Le script tourne toujours...
2025-03-08 02:05:10,409 - INFO - Le script tourne toujours...
2025-03-08 02:10:10,410 - INFO - Le script tourne toujours...
2025-03-08 02:15:10,411 - INFO - Le script tourne toujours...
2025-03-08 02:17:08,870 - INFO - Running job "main (trigger: interval[0:58:00], next run at: 2025-03-08 03:15:08 CET)" (scheduled at 2025-03-08 02:17:08.859874+01:00)
2025-03-08 02:17:28,456 - INFO - Job "main (trigger: interval[0:58:00], next run at: 2025-03-08 03:15:08 CET)" executed successfully
2025-03-08 02:20:10,413 - INFO - Le script tourne toujours...
2025-03-08 02:25:10,415 - INFO - Le script tourne toujours...
2025-03-08 02:30:10,416 - INFO - Le script tourne toujours...
2025-03-08 02:35:10,417 - INFO - Le script tourne toujours...
2025-03-08 02:40:10,418 - INFO - Le script tourne toujours...
2025-03-08 02:45:10,418 - INFO - Le script tourne toujours...
2025-03-08 02:50:10,419 - INFO - Le script tourne toujours...
2025-03-08 02:55:10,420 - INFO - Le script tourne toujours...
2025-03-08 03:00:10,421 - INFO - Le script tourne toujours...
