2025-03-05 12:42:23,952 - INFO - Démarrage du script SqltoSheet
2025-03-05 12:42:23,953 - ERROR - Fichier key.json introuvable
2025-03-05 12:42:23,954 - INFO - Le script a démarré.
2025-03-05 12:42:23,957 - INFO - Adding job tentatively -- it will be properly scheduled when the scheduler starts
2025-03-05 12:42:23,958 - INFO - Added job "main" to job store "default"
2025-03-05 12:42:23,958 - INFO - Scheduler started
2025-03-05 12:42:23,959 - INFO - Le script tourne toujours...
2025-03-05 12:47:23,960 - INFO - Le script tourne toujours...
2025-03-05 12:50:29,239 - INFO - Démarrage du script SqltoSheet
2025-03-05 12:50:29,239 - ERROR - Fichier key.json introuvable
2025-03-05 12:50:29,239 - INFO - Le script a démarré.
2025-03-05 12:50:29,241 - INFO - Adding job tentatively -- it will be properly scheduled when the scheduler starts
2025-03-05 12:50:29,242 - INFO - Added job "main" to job store "default"
2025-03-05 12:50:29,242 - INFO - Scheduler started
2025-03-05 12:50:29,243 - INFO - Le script tourne toujours...
2025-03-05 12:56:20,767 - INFO - Code Démarré
2025-03-05 12:56:20,767 - INFO - Fichier key.json trouvé
2025-03-05 12:56:20,769 - INFO - Adding job tentatively -- it will be properly scheduled when the scheduler starts
2025-03-05 12:56:20,770 - INFO - Added job "main" to job store "default"
2025-03-05 12:56:20,770 - INFO - Scheduler started
2025-03-05 12:56:20,771 - INFO - Le script tourne toujours...
2025-03-05 13:01:20,771 - INFO - Le script tourne toujours...
2025-03-05 13:06:20,772 - INFO - Le script tourne toujours...
2025-03-05 13:11:20,773 - INFO - Le script tourne toujours...
2025-03-05 13:16:20,774 - INFO - Le script tourne toujours...
2025-03-05 13:21:20,776 - INFO - Le script tourne toujours...
2025-03-05 13:26:20,776 - INFO - Le script tourne toujours...
2025-03-05 13:31:20,777 - INFO - Le script tourne toujours...
2025-03-05 13:32:15,371 - INFO - Code Démarré
2025-03-05 13:32:15,371 - INFO - Fichier key.json trouvé
2025-03-05 13:32:15,373 - INFO - Adding job tentatively -- it will be properly scheduled when the scheduler starts
2025-03-05 13:32:15,374 - INFO - Added job "main" to job store "default"
2025-03-05 13:32:15,374 - INFO - Scheduler started
2025-03-05 13:32:15,375 - INFO - Le script tourne toujours...
2025-03-05 13:39:53,473 - INFO - Code Démarré
2025-03-05 13:39:53,473 - INFO - Fichier key.json trouvé
2025-03-05 13:39:53,475 - INFO - Adding job tentatively -- it will be properly scheduled when the scheduler starts
2025-03-05 13:39:53,476 - INFO - Added job "main" to job store "default"
2025-03-05 13:39:53,476 - INFO - Scheduler started
2025-03-05 13:39:53,485 - INFO - Le script tourne toujours...
